<?xml version="1.0" encoding="UTF-8"?>
<coverage generated="1770969974249" clover="3.2.0">
  <project timestamp="1770969974249" name="All files">
    <metrics statements="464" coveredstatements="418" conditionals="275" coveredconditionals="224" methods="140" coveredmethods="127" elements="879" coveredelements="769" complexity="0" loc="464" ncloc="464" packages="6" files="19" classes="19"/>
    <package name="src">
      <metrics statements="47" coveredstatements="46" conditionals="39" coveredconditionals="38" methods="11" coveredmethods="10"/>
      <file name="errors.ts" path="/Users/aa00037-tanaka/conductor/workspaces/estat-city-report/little-rock/src/errors.ts">
        <metrics statements="17" coveredstatements="17" conditionals="10" coveredconditionals="10" methods="2" coveredmethods="2"/>
        <line num="7" count="16" type="stmt"/>
        <line num="8" count="16" type="stmt"/>
        <line num="9" count="16" type="stmt"/>
        <line num="10" count="16" type="stmt"/>
        <line num="11" count="16" type="stmt"/>
        <line num="16" count="7" type="cond" truecount="2" falsecount="0"/>
        <line num="17" count="3" type="stmt"/>
        <line num="18" count="3" type="cond" truecount="2" falsecount="0"/>
        <line num="19" count="1" type="stmt"/>
        <line num="21" count="3" type="cond" truecount="2" falsecount="0"/>
        <line num="22" count="1" type="stmt"/>
        <line num="23" count="1" type="stmt"/>
        <line num="24" count="1" type="stmt"/>
        <line num="27" count="3" type="stmt"/>
        <line num="30" count="4" type="cond" truecount="2" falsecount="0"/>
        <line num="31" count="1" type="stmt"/>
        <line num="34" count="3" type="stmt"/>
      </file>
      <file name="utils.ts" path="/Users/aa00037-tanaka/conductor/workspaces/estat-city-report/little-rock/src/utils.ts">
        <metrics statements="30" coveredstatements="29" conditionals="29" coveredconditionals="28" methods="9" coveredmethods="8"/>
        <line num="5" count="63" type="cond" truecount="4" falsecount="0"/>
        <line num="6" count="7" type="stmt"/>
        <line num="8" count="56" type="cond" truecount="2" falsecount="0"/>
        <line num="12" count="0" type="stmt"/>
        <line num="16" count="337" type="cond" truecount="2" falsecount="0"/>
        <line num="17" count="326" type="stmt"/>
        <line num="19" count="11" type="cond" truecount="2" falsecount="0"/>
        <line num="20" count="2" type="stmt"/>
        <line num="22" count="9" type="cond" truecount="5" falsecount="0"/>
        <line num="23" count="4" type="stmt"/>
        <line num="25" count="5" type="stmt"/>
        <line num="28" count="5" type="stmt"/>
        <line num="46" count="337" type="stmt"/>
        <line num="48" count="1495" type="cond" truecount="2" falsecount="0"/>
        <line num="52" count="337" type="stmt"/>
        <line num="56" count="23" type="stmt"/>
        <line num="57" count="23" type="cond" truecount="6" falsecount="0"/>
        <line num="58" count="6" type="stmt"/>
        <line num="60" count="17" type="stmt"/>
        <line num="61" count="17" type="stmt"/>
        <line num="62" count="17" type="cond" truecount="1" falsecount="1"/>
        <line num="66" count="9" type="cond" truecount="2" falsecount="0"/>
        <line num="67" count="1" type="stmt"/>
        <line num="69" count="8" type="stmt"/>
        <line num="73" count="5" type="cond" truecount="2" falsecount="0"/>
        <line num="74" count="1" type="stmt"/>
        <line num="76" count="4" type="stmt"/>
        <line num="77" count="4" type="stmt"/>
        <line num="86" count="4" type="stmt"/>
        <line num="90" count="220" type="stmt"/>
      </file>
    </package>
    <package name="src.config">
      <metrics statements="33" coveredstatements="33" conditionals="15" coveredconditionals="15" methods="3" coveredmethods="3"/>
      <file name="config.ts" path="/Users/aa00037-tanaka/conductor/workspaces/estat-city-report/little-rock/src/config/config.ts">
        <metrics statements="33" coveredstatements="33" conditionals="15" coveredconditionals="15" methods="3" coveredmethods="3"/>
        <line num="23" count="3" type="stmt"/>
        <line num="24" count="3" type="stmt"/>
        <line num="25" count="3" type="stmt"/>
        <line num="26" count="2" type="stmt"/>
        <line num="28" count="2" type="cond" truecount="2" falsecount="0"/>
        <line num="29" count="1" type="stmt"/>
        <line num="31" count="1" type="stmt"/>
        <line num="38" count="3" type="stmt"/>
        <line num="40" count="3" type="stmt"/>
        <line num="41" count="3" type="stmt"/>
        <line num="42" count="3" type="stmt"/>
        <line num="44" count="1" type="stmt"/>
        <line num="53" count="1" type="stmt"/>
        <line num="54" count="1" type="stmt"/>
        <line num="57" count="3" type="stmt"/>
        <line num="58" count="3" type="stmt"/>
        <line num="59" count="3" type="stmt"/>
        <line num="61" count="2" type="stmt"/>
        <line num="62" count="2" type="stmt"/>
        <line num="65" count="3" type="stmt"/>
        <line num="73" count="8" type="cond" truecount="2" falsecount="0"/>
        <line num="74" count="3" type="cond" truecount="2" falsecount="0"/>
        <line num="75" count="1" type="stmt"/>
        <line num="85" count="2" type="stmt"/>
        <line num="91" count="5" type="cond" truecount="2" falsecount="0"/>
        <line num="92" count="8" type="cond" truecount="2" falsecount="0"/>
        <line num="93" count="4" type="stmt"/>
        <line num="94" count="4" type="cond" truecount="2" falsecount="0"/>
        <line num="95" count="1" type="stmt"/>
        <line num="105" count="3" type="cond" truecount="2" falsecount="0"/>
        <line num="106" count="1" type="stmt"/>
        <line num="116" count="2" type="stmt"/>
        <line num="123" count="1" type="stmt"/>
      </file>
    </package>
    <package name="src.estat">
      <metrics statements="220" coveredstatements="182" conditionals="142" coveredconditionals="111" methods="68" coveredmethods="56"/>
      <file name="meta.ts" path="/Users/aa00037-tanaka/conductor/workspaces/estat-city-report/little-rock/src/estat/meta.ts">
        <metrics statements="192" coveredstatements="159" conditionals="134" coveredconditionals="106" methods="57" coveredmethods="47"/>
        <line num="47" count="16" type="stmt"/>
        <line num="48" count="16" type="stmt"/>
        <line num="50" count="33" type="stmt"/>
        <line num="51" count="33" type="cond" truecount="2" falsecount="0"/>
        <line num="52" count="1" type="stmt"/>
        <line num="55" count="32" type="stmt"/>
        <line num="57" count="100" type="stmt"/>
        <line num="58" count="100" type="cond" truecount="1" falsecount="1"/>
        <line num="59" count="0" type="stmt"/>
        <line num="61" count="100" type="stmt"/>
        <line num="66" count="100" type="stmt"/>
        <line num="68" count="33" type="stmt"/>
        <line num="74" count="33" type="stmt"/>
        <line num="78" count="28" type="stmt"/>
        <line num="79" count="28" type="stmt"/>
        <line num="80" count="28" type="stmt"/>
        <line num="82" count="28" type="cond" truecount="2" falsecount="0"/>
        <line num="83" count="10" type="stmt"/>
        <line num="85" count="28" type="cond" truecount="2" falsecount="0"/>
        <line num="86" count="10" type="stmt"/>
        <line num="88" count="28" type="cond" truecount="4" falsecount="0"/>
        <line num="89" count="10" type="stmt"/>
        <line num="92" count="70" type="stmt"/>
        <line num="93" count="28" type="cond" truecount="2" falsecount="0"/>
        <line num="94" count="10" type="stmt"/>
        <line num="97" count="28" type="stmt"/>
        <line num="101" count="11" type="stmt"/>
        <line num="102" count="6" type="stmt"/>
        <line num="104" count="6" type="cond" truecount="4" falsecount="0"/>
        <line num="105" count="1" type="stmt"/>
        <line num="111" count="5" type="stmt"/>
        <line num="115" count="10" type="stmt"/>
        <line num="121" count="2" type="stmt"/>
        <line num="124" count="11" type="stmt"/>
        <line num="128" count="4" type="stmt"/>
        <line num="129" count="4" type="stmt"/>
        <line num="130" count="4" type="cond" truecount="1" falsecount="1"/>
        <line num="131" count="0" type="stmt"/>
        <line num="133" count="4" type="cond" truecount="3" falsecount="1"/>
        <line num="134" count="0" type="stmt"/>
        <line num="137" count="4" type="stmt"/>
        <line num="138" count="4" type="stmt"/>
        <line num="139" count="24" type="cond" truecount="2" falsecount="0"/>
        <line num="140" count="1" type="stmt"/>
        <line num="143" count="4" type="stmt"/>
        <line num="147" count="11" type="stmt"/>
        <line num="151" count="11" type="stmt"/>
        <line num="152" count="11" type="stmt"/>
        <line num="154" count="11" type="stmt"/>
        <line num="155" count="34" type="stmt"/>
        <line num="156" count="34" type="cond" truecount="2" falsecount="0"/>
        <line num="159" count="11" type="cond" truecount="2" falsecount="0"/>
        <line num="160" count="10" type="stmt"/>
        <line num="167" count="1" type="cond" truecount="1" falsecount="1"/>
        <line num="168" count="0" type="stmt"/>
        <line num="171" count="0" type="stmt"/>
        <line num="179" count="1" type="stmt"/>
        <line num="180" count="4" type="stmt"/>
        <line num="181" count="4" type="cond" truecount="4" falsecount="0"/>
        <line num="185" count="1" type="cond" truecount="1" falsecount="1"/>
        <line num="186" count="0" type="stmt"/>
        <line num="193" count="1" type="stmt"/>
        <line num="194" count="4" type="stmt"/>
        <line num="198" count="5" type="stmt"/>
        <line num="200" count="4" type="stmt"/>
        <line num="201" count="1" type="stmt"/>
        <line num="203" count="1" type="cond" truecount="1" falsecount="1"/>
        <line num="204" count="0" type="stmt"/>
        <line num="207" count="0" type="stmt"/>
        <line num="215" count="1" type="stmt"/>
        <line num="227" count="45" type="stmt"/>
        <line num="228" count="45" type="stmt"/>
        <line num="229" count="45" type="stmt"/>
        <line num="230" count="45" type="cond" truecount="2" falsecount="0"/>
        <line num="231" count="18" type="stmt"/>
        <line num="233" count="45" type="cond" truecount="2" falsecount="0"/>
        <line num="234" count="18" type="stmt"/>
        <line num="236" count="45" type="cond" truecount="4" falsecount="0"/>
        <line num="237" count="18" type="stmt"/>
        <line num="239" count="45" type="stmt"/>
        <line num="243" count="4" type="stmt"/>
        <line num="244" count="4" type="stmt"/>
        <line num="251" count="19" type="stmt"/>
        <line num="252" count="7" type="stmt"/>
        <line num="254" count="7" type="cond" truecount="4" falsecount="0"/>
        <line num="255" count="1" type="stmt"/>
        <line num="260" count="6" type="cond" truecount="2" falsecount="0"/>
        <line num="261" count="5" type="stmt"/>
        <line num="262" count="2" type="cond" truecount="2" falsecount="0"/>
        <line num="263" count="1" type="stmt"/>
        <line num="264" count="3" type="stmt"/>
        <line num="268" count="1" type="stmt"/>
        <line num="275" count="4" type="stmt"/>
        <line num="276" count="2" type="stmt"/>
        <line num="277" count="2" type="stmt"/>
        <line num="278" count="2" type="cond" truecount="1" falsecount="1"/>
        <line num="279" count="0" type="stmt"/>
        <line num="281" count="2" type="cond" truecount="1" falsecount="1"/>
        <line num="282" count="2" type="stmt"/>
        <line num="284" count="0" type="cond" truecount="0" falsecount="2"/>
        <line num="285" count="0" type="stmt"/>
        <line num="287" count="0" type="stmt"/>
        <line num="290" count="4" type="cond" truecount="1" falsecount="1"/>
        <line num="291" count="0" type="stmt"/>
        <line num="294" count="4" type="stmt"/>
        <line num="302" count="34" type="stmt"/>
        <line num="303" count="34" type="cond" truecount="2" falsecount="0"/>
        <line num="304" count="15" type="stmt"/>
        <line num="306" count="19" type="cond" truecount="1" falsecount="1"/>
        <line num="307" count="0" type="stmt"/>
        <line num="309" count="19" type="cond" truecount="1" falsecount="1"/>
        <line num="310" count="0" type="stmt"/>
        <line num="312" count="19" type="cond" truecount="1" falsecount="1"/>
        <line num="313" count="0" type="stmt"/>
        <line num="315" count="19" type="cond" truecount="3" falsecount="1"/>
        <line num="316" count="0" type="stmt"/>
        <line num="318" count="19" type="stmt"/>
        <line num="322" count="42" type="stmt"/>
        <line num="323" count="42" type="cond" truecount="2" falsecount="0"/>
        <line num="324" count="17" type="stmt"/>
        <line num="326" count="25" type="cond" truecount="1" falsecount="1"/>
        <line num="327" count="0" type="stmt"/>
        <line num="329" count="25" type="cond" truecount="2" falsecount="2"/>
        <line num="330" count="0" type="stmt"/>
        <line num="332" count="25" type="cond" truecount="1" falsecount="1"/>
        <line num="333" count="0" type="stmt"/>
        <line num="335" count="25" type="cond" truecount="1" falsecount="1"/>
        <line num="336" count="0" type="stmt"/>
        <line num="338" count="25" type="stmt"/>
        <line num="342" count="20" type="stmt"/>
        <line num="343" count="20" type="stmt"/>
        <line num="344" count="20" type="stmt"/>
        <line num="345" count="20" type="cond" truecount="2" falsecount="0"/>
        <line num="346" count="6" type="stmt"/>
        <line num="348" count="20" type="cond" truecount="4" falsecount="0"/>
        <line num="349" count="6" type="stmt"/>
        <line num="351" count="20" type="stmt"/>
        <line num="358" count="7" type="stmt"/>
        <line num="359" count="20" type="stmt"/>
        <line num="360" count="0" type="stmt"/>
        <line num="362" count="7" type="cond" truecount="2" falsecount="0"/>
        <line num="363" count="2" type="stmt"/>
        <line num="365" count="10" type="stmt"/>
        <line num="366" count="10" type="stmt"/>
        <line num="367" count="4" type="cond" truecount="2" falsecount="0"/>
        <line num="370" count="7" type="cond" truecount="2" falsecount="0"/>
        <line num="371" count="1" type="stmt"/>
        <line num="373" count="0" type="stmt"/>
        <line num="375" count="1" type="stmt"/>
        <line num="381" count="6" type="cond" truecount="2" falsecount="0"/>
        <line num="382" count="1" type="stmt"/>
        <line num="383" count="9" type="stmt"/>
        <line num="385" count="7" type="cond" truecount="2" falsecount="0"/>
        <line num="386" count="2" type="stmt"/>
        <line num="387" count="13" type="stmt"/>
        <line num="389" count="7" type="cond" truecount="3" falsecount="1"/>
        <line num="390" count="0" type="stmt"/>
        <line num="391" count="0" type="stmt"/>
        <line num="396" count="6" type="cond" truecount="3" falsecount="1"/>
        <line num="397" count="0" type="stmt"/>
        <line num="398" count="0" type="stmt"/>
        <line num="403" count="6" type="stmt"/>
        <line num="412" count="10" type="stmt"/>
        <line num="413" count="10" type="stmt"/>
        <line num="414" count="51" type="cond" truecount="1" falsecount="1"/>
        <line num="415" count="13" type="stmt"/>
        <line num="419" count="13" type="stmt"/>
        <line num="420" count="38" type="stmt"/>
        <line num="421" count="38" type="cond" truecount="2" falsecount="0"/>
        <line num="422" count="13" type="stmt"/>
        <line num="423" count="25" type="cond" truecount="2" falsecount="0"/>
        <line num="424" count="13" type="stmt"/>
        <line num="425" count="12" type="cond" truecount="1" falsecount="1"/>
        <line num="426" count="12" type="stmt"/>
        <line num="430" count="13" type="stmt"/>
        <line num="440" count="9" type="stmt"/>
        <line num="442" count="9" type="stmt"/>
        <line num="443" count="15" type="cond" truecount="2" falsecount="0"/>
        <line num="444" count="1" type="stmt"/>
        <line num="446" count="14" type="cond" truecount="1" falsecount="1"/>
        <line num="447" count="0" type="stmt"/>
        <line num="449" count="14" type="stmt"/>
        <line num="452" count="9" type="stmt"/>
        <line num="453" count="13" type="cond" truecount="4" falsecount="0"/>
        <line num="454" count="1" type="stmt"/>
        <line num="456" count="12" type="stmt"/>
        <line num="459" count="9" type="stmt"/>
        <line num="463" count="0" type="stmt"/>
        <line num="464" count="0" type="stmt"/>
        <line num="467" count="0" type="stmt"/>
        <line num="468" count="0" type="stmt"/>
        <line num="471" count="0" type="stmt"/>
      </file>
      <file name="report-data.ts" path="/Users/aa00037-tanaka/conductor/workspaces/estat-city-report/little-rock/src/estat/report-data.ts">
        <metrics statements="28" coveredstatements="23" conditionals="8" coveredconditionals="5" methods="11" coveredmethods="9"/>
        <line num="49" count="6" type="stmt"/>
        <line num="56" count="6" type="stmt"/>
        <line num="57" count="6" type="stmt"/>
        <line num="61" count="3" type="stmt"/>
        <line num="62" count="3" type="cond" truecount="1" falsecount="1"/>
        <line num="63" count="0" type="stmt"/>
        <line num="69" count="3" type="stmt"/>
        <line num="70" count="3" type="stmt"/>
        <line num="71" count="3" type="stmt"/>
        <line num="72" count="3" type="stmt"/>
        <line num="73" count="3" type="stmt"/>
        <line num="75" count="5" type="stmt"/>
        <line num="77" count="3" type="stmt"/>
        <line num="96" count="3" type="stmt"/>
        <line num="97" count="5" type="stmt"/>
        <line num="98" count="5" type="stmt"/>
        <line num="100" count="5" type="cond" truecount="3" falsecount="1"/>
        <line num="101" count="0" type="stmt"/>
        <line num="108" count="5" type="stmt"/>
        <line num="118" count="3" type="stmt"/>
        <line num="119" count="3" type="stmt"/>
        <line num="121" count="5" type="stmt"/>
        <line num="123" count="7" type="stmt"/>
        <line num="124" count="7" type="stmt"/>
        <line num="127" count="3" type="stmt"/>
        <line num="145" count="0" type="stmt"/>
        <line num="146" count="0" type="stmt"/>
        <line num="161" count="0" type="stmt"/>
      </file>
    </package>
    <package name="src.report">
      <metrics statements="6" coveredstatements="6" conditionals="0" coveredconditionals="0" methods="4" coveredmethods="4"/>
      <file name="html.ts" path="/Users/aa00037-tanaka/conductor/workspaces/estat-city-report/little-rock/src/report/html.ts">
        <metrics statements="6" coveredstatements="6" conditionals="0" coveredconditionals="0" methods="4" coveredmethods="4"/>
        <line num="18" count="28" type="stmt"/>
        <line num="22" count="7" type="stmt"/>
        <line num="24" count="14" type="stmt"/>
        <line num="25" count="14" type="stmt"/>
        <line num="40" count="14" type="stmt"/>
        <line num="42" count="7" type="stmt"/>
      </file>
    </package>
    <package name="src.report.templates">
      <metrics statements="51" coveredstatements="48" conditionals="20" coveredconditionals="14" methods="27" coveredmethods="27"/>
      <file name="city-detail.ts" path="/Users/aa00037-tanaka/conductor/workspaces/estat-city-report/little-rock/src/report/templates/city-detail.ts">
        <metrics statements="13" coveredstatements="13" conditionals="12" coveredconditionals="9" methods="7" coveredmethods="7"/>
        <line num="12" count="4" type="stmt"/>
        <line num="17" count="4" type="stmt"/>
        <line num="21" count="4" type="stmt"/>
        <line num="25" count="4" type="stmt"/>
        <line num="27" count="4" type="stmt"/>
        <line num="29" count="12" type="stmt"/>
        <line num="30" count="12" type="stmt"/>
        <line num="31" count="8" type="cond" truecount="2" falsecount="0"/>
        <line num="33" count="8" type="cond" truecount="1" falsecount="1"/>
        <line num="39" count="8" type="stmt"/>
        <line num="50" count="4" type="cond" truecount="2" falsecount="0"/>
        <line num="51" count="1" type="stmt"/>
        <line num="54" count="4" type="stmt"/>
      </file>
      <file name="compose.ts" path="/Users/aa00037-tanaka/conductor/workspaces/estat-city-report/little-rock/src/report/templates/compose.ts">
        <metrics statements="10" coveredstatements="9" conditionals="2" coveredconditionals="1" methods="3" coveredmethods="3"/>
        <line num="27" count="2" type="stmt"/>
        <line num="36" count="2" type="stmt"/>
        <line num="41" count="2" type="stmt"/>
        <line num="46" count="2" type="stmt"/>
        <line num="48" count="4" type="stmt"/>
        <line num="49" count="3" type="cond" truecount="1" falsecount="1"/>
        <line num="50" count="0" type="stmt"/>
        <line num="52" count="3" type="stmt"/>
        <line num="60" count="2" type="stmt"/>
        <line num="66" count="2" type="stmt"/>
      </file>
      <file name="cover.ts" path="/Users/aa00037-tanaka/conductor/workspaces/estat-city-report/little-rock/src/report/templates/cover.ts">
        <metrics statements="2" coveredstatements="2" conditionals="0" coveredconditionals="0" methods="2" coveredmethods="2"/>
        <line num="13" count="5" type="stmt"/>
        <line num="15" count="3" type="stmt"/>
      </file>
      <file name="dashboard.ts" path="/Users/aa00037-tanaka/conductor/workspaces/estat-city-report/little-rock/src/report/templates/dashboard.ts">
        <metrics statements="18" coveredstatements="16" conditionals="4" coveredconditionals="2" methods="9" coveredmethods="9"/>
        <line num="10" count="5" type="stmt"/>
        <line num="13" count="3" type="stmt"/>
        <line num="14" count="5" type="stmt"/>
        <line num="18" count="3" type="stmt"/>
        <line num="20" count="6" type="stmt"/>
        <line num="22" count="15" type="stmt"/>
        <line num="23" count="10" type="cond" truecount="1" falsecount="1"/>
        <line num="24" count="0" type="stmt"/>
        <line num="26" count="10" type="stmt"/>
        <line num="33" count="6" type="stmt"/>
        <line num="38" count="3" type="stmt"/>
        <line num="40" count="6" type="stmt"/>
        <line num="42" count="15" type="stmt"/>
        <line num="43" count="10" type="cond" truecount="1" falsecount="1"/>
        <line num="44" count="0" type="stmt"/>
        <line num="46" count="10" type="stmt"/>
        <line num="50" count="6" type="stmt"/>
        <line num="54" count="3" type="stmt"/>
      </file>
      <file name="disclaimer.ts" path="/Users/aa00037-tanaka/conductor/workspaces/estat-city-report/little-rock/src/report/templates/disclaimer.ts">
        <metrics statements="1" coveredstatements="1" conditionals="0" coveredconditionals="0" methods="1" coveredmethods="1"/>
        <line num="10" count="3" type="stmt"/>
      </file>
      <file name="styles.ts" path="/Users/aa00037-tanaka/conductor/workspaces/estat-city-report/little-rock/src/report/templates/styles.ts">
        <metrics statements="1" coveredstatements="1" conditionals="0" coveredconditionals="0" methods="1" coveredmethods="1"/>
        <line num="3" count="3" type="stmt"/>
      </file>
      <file name="summary.ts" path="/Users/aa00037-tanaka/conductor/workspaces/estat-city-report/little-rock/src/report/templates/summary.ts">
        <metrics statements="6" coveredstatements="6" conditionals="2" coveredconditionals="2" methods="4" coveredmethods="4"/>
        <line num="10" count="5" type="stmt"/>
        <line num="15" count="5" type="stmt"/>
        <line num="19" count="3" type="stmt"/>
        <line num="21" count="3" type="stmt"/>
        <line num="23" count="5" type="stmt"/>
        <line num="37" count="3" type="stmt"/>
      </file>
    </package>
    <package name="src.scoring">
      <metrics statements="107" coveredstatements="103" conditionals="59" coveredconditionals="46" methods="27" coveredmethods="27"/>
      <file name="composite.ts" path="/Users/aa00037-tanaka/conductor/workspaces/estat-city-report/little-rock/src/scoring/composite.ts">
        <metrics statements="16" coveredstatements="16" conditionals="8" coveredconditionals="6" methods="2" coveredmethods="2"/>
        <line num="18" count="22" type="cond" truecount="2" falsecount="0"/>
        <line num="19" count="1" type="stmt"/>
        <line num="26" count="42" type="stmt"/>
        <line num="28" count="21" type="stmt"/>
        <line num="29" count="21" type="stmt"/>
        <line num="30" count="21" type="stmt"/>
        <line num="32" count="21" type="stmt"/>
        <line num="33" count="41" type="stmt"/>
        <line num="34" count="41" type="cond" truecount="2" falsecount="0"/>
        <line num="35" count="1" type="stmt"/>
        <line num="38" count="40" type="cond" truecount="1" falsecount="1"/>
        <line num="39" count="41" type="stmt"/>
        <line num="40" count="41" type="stmt"/>
        <line num="41" count="41" type="stmt"/>
        <line num="44" count="21" type="cond" truecount="1" falsecount="1"/>
        <line num="46" count="22" type="stmt"/>
      </file>
      <file name="confidence.ts" path="/Users/aa00037-tanaka/conductor/workspaces/estat-city-report/little-rock/src/scoring/confidence.ts">
        <metrics statements="16" coveredstatements="15" conditionals="23" coveredconditionals="20" methods="1" coveredmethods="1"/>
        <line num="11" count="25" type="stmt"/>
        <line num="12" count="25" type="stmt"/>
        <line num="13" count="25" type="cond" truecount="1" falsecount="1"/>
        <line num="18" count="25" type="cond" truecount="2" falsecount="0"/>
        <line num="20" count="25" type="cond" truecount="5" falsecount="0"/>
        <line num="21" count="3" type="stmt"/>
        <line num="27" count="22" type="cond" truecount="4" falsecount="0"/>
        <line num="28" count="2" type="stmt"/>
        <line num="34" count="20" type="stmt"/>
        <line num="35" count="20" type="cond" truecount="2" falsecount="0"/>
        <line num="36" count="19" type="stmt"/>
        <line num="38" count="20" type="cond" truecount="2" falsecount="0"/>
        <line num="39" count="1" type="stmt"/>
        <line num="41" count="20" type="cond" truecount="3" falsecount="1"/>
        <line num="42" count="0" type="stmt"/>
        <line num="45" count="20" type="stmt"/>
      </file>
      <file name="index.ts" path="/Users/aa00037-tanaka/conductor/workspaces/estat-city-report/little-rock/src/scoring/index.ts">
        <metrics statements="47" coveredstatements="45" conditionals="14" coveredconditionals="7" methods="15" coveredmethods="15"/>
        <line num="23" count="6" type="stmt"/>
        <line num="24" count="6" type="stmt"/>
        <line num="25" count="18" type="stmt"/>
        <line num="28" count="6" type="stmt"/>
        <line num="29" count="12" type="stmt"/>
        <line num="30" count="54" type="stmt"/>
        <line num="31" count="36" type="stmt"/>
        <line num="37" count="12" type="stmt"/>
        <line num="38" count="12" type="stmt"/>
        <line num="39" count="36" type="stmt"/>
        <line num="44" count="6" type="stmt"/>
        <line num="45" count="6" type="stmt"/>
        <line num="46" count="18" type="stmt"/>
        <line num="49" count="6" type="stmt"/>
        <line num="50" count="12" type="stmt"/>
        <line num="51" count="54" type="stmt"/>
        <line num="52" count="36" type="stmt"/>
        <line num="54" count="12" type="stmt"/>
        <line num="55" count="54" type="stmt"/>
        <line num="56" count="36" type="cond" truecount="1" falsecount="1"/>
        <line num="57" count="0" type="stmt"/>
        <line num="59" count="36" type="stmt"/>
        <line num="60" count="36" type="stmt"/>
        <line num="65" count="6" type="stmt"/>
        <line num="66" count="18" type="cond" truecount="1" falsecount="1"/>
        <line num="67" count="18" type="cond" truecount="1" falsecount="1"/>
        <line num="69" count="18" type="stmt"/>
        <line num="70" count="36" type="stmt"/>
        <line num="73" count="18" type="stmt"/>
        <line num="74" count="36" type="stmt"/>
        <line num="82" count="18" type="stmt"/>
        <line num="85" count="18" type="stmt"/>
        <line num="86" count="36" type="stmt"/>
        <line num="88" count="18" type="cond" truecount="1" falsecount="1"/>
        <line num="89" count="18" type="stmt"/>
        <line num="90" count="18" type="stmt"/>
        <line num="91" count="36" type="stmt"/>
        <line num="94" count="18" type="cond" truecount="1" falsecount="1"/>
        <line num="98" count="18" type="stmt"/>
        <line num="104" count="18" type="stmt"/>
        <line num="105" count="18" type="cond" truecount="1" falsecount="1"/>
        <line num="106" count="0" type="stmt"/>
        <line num="111" count="18" type="stmt"/>
        <line num="124" count="6" type="stmt"/>
        <line num="125" count="24" type="stmt"/>
        <line num="128" count="18" type="stmt"/>
        <line num="130" count="36" type="stmt"/>
      </file>
      <file name="normalize.ts" path="/Users/aa00037-tanaka/conductor/workspaces/estat-city-report/little-rock/src/scoring/normalize.ts">
        <metrics statements="14" coveredstatements="13" conditionals="8" coveredconditionals="7" methods="4" coveredmethods="4"/>
        <line num="18" count="18" type="stmt"/>
        <line num="20" count="50" type="stmt"/>
        <line num="23" count="18" type="cond" truecount="1" falsecount="1"/>
        <line num="24" count="0" type="stmt"/>
        <line num="27" count="18" type="cond" truecount="2" falsecount="0"/>
        <line num="28" count="1" type="stmt"/>
        <line num="37" count="48" type="stmt"/>
        <line num="38" count="17" type="stmt"/>
        <line num="39" count="17" type="stmt"/>
        <line num="40" count="17" type="stmt"/>
        <line num="42" count="17" type="stmt"/>
        <line num="43" count="48" type="cond" truecount="2" falsecount="0"/>
        <line num="45" count="48" type="cond" truecount="2" falsecount="0"/>
        <line num="47" count="48" type="stmt"/>
      </file>
      <file name="percentile.ts" path="/Users/aa00037-tanaka/conductor/workspaces/estat-city-report/little-rock/src/scoring/percentile.ts">
        <metrics statements="8" coveredstatements="8" conditionals="6" coveredconditionals="6" methods="3" coveredmethods="3"/>
        <line num="13" count="43" type="cond" truecount="4" falsecount="0"/>
        <line num="14" count="1" type="stmt"/>
        <line num="22" count="42" type="stmt"/>
        <line num="23" count="141" type="stmt"/>
        <line num="24" count="141" type="stmt"/>
        <line num="27" count="42" type="stmt"/>
        <line num="31" count="42" type="cond" truecount="2" falsecount="0"/>
        <line num="35" count="43" type="stmt"/>
      </file>
      <file name="presets.ts" path="/Users/aa00037-tanaka/conductor/workspaces/estat-city-report/little-rock/src/scoring/presets.ts">
        <metrics statements="6" coveredstatements="6" conditionals="0" coveredconditionals="0" methods="2" coveredmethods="2"/>
        <line num="3" count="1" type="stmt"/>
        <line num="15" count="1" type="stmt"/>
        <line num="27" count="1" type="stmt"/>
        <line num="39" count="1" type="stmt"/>
        <line num="46" count="9" type="stmt"/>
        <line num="50" count="1" type="stmt"/>
      </file>
    </package>
  </project>
</coverage>
