{"/Users/aa00037-tanaka/conductor/workspaces/estat-city-report/little-rock/src/errors.ts": {"path":"/Users/aa00037-tanaka/conductor/workspaces/estat-city-report/little-rock/src/errors.ts","statementMap":{"0":{"start":{"line":7,"column":4},"end":{"line":7,"column":null}},"1":{"start":{"line":8,"column":4},"end":{"line":8,"column":null}},"2":{"start":{"line":9,"column":4},"end":{"line":9,"column":null}},"3":{"start":{"line":10,"column":4},"end":{"line":10,"column":null}},"4":{"start":{"line":11,"column":4},"end":{"line":11,"column":null}},"5":{"start":{"line":16,"column":2},"end":{"line":28,"column":null}},"6":{"start":{"line":17,"column":18},"end":{"line":17,"column":null}},"7":{"start":{"line":18,"column":4},"end":{"line":20,"column":null}},"8":{"start":{"line":19,"column":6},"end":{"line":19,"column":null}},"9":{"start":{"line":21,"column":4},"end":{"line":26,"column":null}},"10":{"start":{"line":22,"column":6},"end":{"line":22,"column":null}},"11":{"start":{"line":23,"column":6},"end":{"line":25,"column":null}},"12":{"start":{"line":24,"column":8},"end":{"line":24,"column":null}},"13":{"start":{"line":27,"column":4},"end":{"line":27,"column":null}},"14":{"start":{"line":30,"column":2},"end":{"line":32,"column":null}},"15":{"start":{"line":31,"column":4},"end":{"line":31,"column":null}},"16":{"start":{"line":34,"column":2},"end":{"line":34,"column":null}}},"fnMap":{"0":{"name":"(anonymous_0)","decl":{"start":{"line":6,"column":2},"end":{"line":6,"column":14}},"loc":{"start":{"line":6,"column":85},"end":{"line":12,"column":null}},"line":6},"1":{"name":"formatError","decl":{"start":{"line":15,"column":16},"end":{"line":15,"column":28}},"loc":{"start":{"line":15,"column":52},"end":{"line":35,"column":null}},"line":15}},"branchMap":{"0":{"loc":{"start":{"line":6,"column":31},"end":{"line":6,"column":53}},"type":"default-arg","locations":[{"start":{"line":6,"column":49},"end":{"line":6,"column":53}}],"line":6},"1":{"loc":{"start":{"line":6,"column":71},"end":{"line":6,"column":85}},"type":"default-arg","locations":[{"start":{"line":6,"column":82},"end":{"line":6,"column":85}}],"line":6},"2":{"loc":{"start":{"line":16,"column":2},"end":{"line":28,"column":null}},"type":"if","locations":[{"start":{"line":16,"column":2},"end":{"line":28,"column":null}},{"start":{},"end":{}}],"line":16},"3":{"loc":{"start":{"line":18,"column":4},"end":{"line":20,"column":null}},"type":"if","locations":[{"start":{"line":18,"column":4},"end":{"line":20,"column":null}},{"start":{},"end":{}}],"line":18},"4":{"loc":{"start":{"line":21,"column":4},"end":{"line":26,"column":null}},"type":"if","locations":[{"start":{"line":21,"column":4},"end":{"line":26,"column":null}},{"start":{},"end":{}}],"line":21},"5":{"loc":{"start":{"line":30,"column":2},"end":{"line":32,"column":null}},"type":"if","locations":[{"start":{"line":30,"column":2},"end":{"line":32,"column":null}},{"start":{},"end":{}}],"line":30}},"s":{"0":16,"1":16,"2":16,"3":16,"4":16,"5":7,"6":3,"7":3,"8":1,"9":3,"10":1,"11":1,"12":1,"13":3,"14":4,"15":1,"16":3},"f":{"0":16,"1":7},"b":{"0":[16],"1":[16],"2":[3,4],"3":[1,2],"4":[1,2],"5":[1,3]},"meta":{"lastBranch":6,"lastFunction":2,"lastStatement":17,"seen":{"f:6:2:6:14":0,"b:6:49:6:53":0,"b:6:82:6:85":1,"s:7:4:7:Infinity":0,"s:8:4:8:Infinity":1,"s:9:4:9:Infinity":2,"s:10:4:10:Infinity":3,"s:11:4:11:Infinity":4,"f:15:16:15:28":1,"b:16:2:28:Infinity:undefined:undefined:undefined:undefined":2,"s:16:2:28:Infinity":5,"s:17:18:17:Infinity":6,"b:18:4:20:Infinity:undefined:undefined:undefined:undefined":3,"s:18:4:20:Infinity":7,"s:19:6:19:Infinity":8,"b:21:4:26:Infinity:undefined:undefined:undefined:undefined":4,"s:21:4:26:Infinity":9,"s:22:6:22:Infinity":10,"s:23:6:25:Infinity":11,"s:24:8:24:Infinity":12,"s:27:4:27:Infinity":13,"b:30:2:32:Infinity:undefined:undefined:undefined:undefined":5,"s:30:2:32:Infinity":14,"s:31:4:31:Infinity":15,"s:34:2:34:Infinity":16}}}
,"/Users/aa00037-tanaka/conductor/workspaces/estat-city-report/little-rock/src/utils.ts": {"path":"/Users/aa00037-tanaka/conductor/workspaces/estat-city-report/little-rock/src/utils.ts","statementMap":{"0":{"start":{"line":5,"column":2},"end":{"line":7,"column":null}},"1":{"start":{"line":6,"column":4},"end":{"line":6,"column":null}},"2":{"start":{"line":8,"column":2},"end":{"line":8,"column":null}},"3":{"start":{"line":12,"column":2},"end":{"line":12,"column":null}},"4":{"start":{"line":16,"column":2},"end":{"line":18,"column":null}},"5":{"start":{"line":17,"column":4},"end":{"line":17,"column":null}},"6":{"start":{"line":19,"column":2},"end":{"line":21,"column":null}},"7":{"start":{"line":20,"column":4},"end":{"line":20,"column":null}},"8":{"start":{"line":22,"column":2},"end":{"line":24,"column":null}},"9":{"start":{"line":23,"column":4},"end":{"line":23,"column":null}},"10":{"start":{"line":25,"column":2},"end":{"line":25,"column":null}},"11":{"start":{"line":28,"column":47},"end":{"line":43,"column":null}},"12":{"start":{"line":46,"column":15},"end":{"line":50,"column":null}},"13":{"start":{"line":48,"column":19},"end":{"line":48,"column":47}},"14":{"start":{"line":52,"column":2},"end":{"line":52,"column":null}},"15":{"start":{"line":56,"column":14},"end":{"line":56,"column":null}},"16":{"start":{"line":57,"column":2},"end":{"line":59,"column":null}},"17":{"start":{"line":58,"column":4},"end":{"line":58,"column":null}},"18":{"start":{"line":60,"column":21},"end":{"line":60,"column":null}},"19":{"start":{"line":61,"column":17},"end":{"line":61,"column":null}},"20":{"start":{"line":62,"column":2},"end":{"line":62,"column":null}},"21":{"start":{"line":66,"column":2},"end":{"line":68,"column":null}},"22":{"start":{"line":67,"column":4},"end":{"line":67,"column":null}},"23":{"start":{"line":69,"column":2},"end":{"line":69,"column":null}},"24":{"start":{"line":73,"column":2},"end":{"line":75,"column":null}},"25":{"start":{"line":74,"column":4},"end":{"line":74,"column":null}},"26":{"start":{"line":76,"column":14},"end":{"line":76,"column":null}},"27":{"start":{"line":77,"column":16},"end":{"line":85,"column":null}},"28":{"start":{"line":86,"column":2},"end":{"line":86,"column":null}},"29":{"start":{"line":90,"column":2},"end":{"line":95,"column":null}}},"fnMap":{"0":{"name":"arrify","decl":{"start":{"line":4,"column":16},"end":{"line":4,"column":26}},"loc":{"start":{"line":4,"column":66},"end":{"line":9,"column":null}},"line":4},"1":{"name":"ensureDir","decl":{"start":{"line":11,"column":22},"end":{"line":11,"column":32}},"loc":{"start":{"line":11,"column":64},"end":{"line":13,"column":null}},"line":11},"2":{"name":"textFrom","decl":{"start":{"line":15,"column":16},"end":{"line":15,"column":25}},"loc":{"start":{"line":15,"column":49},"end":{"line":26,"column":null}},"line":15},"3":{"name":"normalizeLabel","decl":{"start":{"line":45,"column":16},"end":{"line":45,"column":31}},"loc":{"start":{"line":45,"column":54},"end":{"line":53,"column":null}},"line":45},"4":{"name":"(anonymous_4)","decl":{"start":{"line":48,"column":9},"end":{"line":48,"column":10}},"loc":{"start":{"line":48,"column":19},"end":{"line":48,"column":47}},"line":48},"5":{"name":"parseNumber","decl":{"start":{"line":55,"column":16},"end":{"line":55,"column":28}},"loc":{"start":{"line":55,"column":59},"end":{"line":63,"column":null}},"line":55},"6":{"name":"toCdParamName","decl":{"start":{"line":65,"column":16},"end":{"line":65,"column":30}},"loc":{"start":{"line":65,"column":55},"end":{"line":70,"column":null}},"line":65},"7":{"name":"resolveOutPath","decl":{"start":{"line":72,"column":16},"end":{"line":72,"column":31}},"loc":{"start":{"line":72,"column":53},"end":{"line":87,"column":null}},"line":72},"8":{"name":"escapeHtml","decl":{"start":{"line":89,"column":16},"end":{"line":89,"column":27}},"loc":{"start":{"line":89,"column":50},"end":{"line":96,"column":null}},"line":89}},"branchMap":{"0":{"loc":{"start":{"line":5,"column":2},"end":{"line":7,"column":null}},"type":"if","locations":[{"start":{"line":5,"column":2},"end":{"line":7,"column":null}},{"start":{},"end":{}}],"line":5},"1":{"loc":{"start":{"line":5,"column":6},"end":{"line":5,"column":45}},"type":"binary-expr","locations":[{"start":{"line":5,"column":6},"end":{"line":5,"column":29}},{"start":{"line":5,"column":29},"end":{"line":5,"column":45}}],"line":5},"2":{"loc":{"start":{"line":8,"column":9},"end":{"line":8,"column":null}},"type":"cond-expr","locations":[{"start":{"line":8,"column":32},"end":{"line":8,"column":40}},{"start":{"line":8,"column":40},"end":{"line":8,"column":null}}],"line":8},"3":{"loc":{"start":{"line":16,"column":2},"end":{"line":18,"column":null}},"type":"if","locations":[{"start":{"line":16,"column":2},"end":{"line":18,"column":null}},{"start":{},"end":{}}],"line":16},"4":{"loc":{"start":{"line":19,"column":2},"end":{"line":21,"column":null}},"type":"if","locations":[{"start":{"line":19,"column":2},"end":{"line":21,"column":null}},{"start":{},"end":{}}],"line":19},"5":{"loc":{"start":{"line":22,"column":2},"end":{"line":24,"column":null}},"type":"if","locations":[{"start":{"line":22,"column":2},"end":{"line":24,"column":null}},{"start":{},"end":{}}],"line":22},"6":{"loc":{"start":{"line":22,"column":6},"end":{"line":22,"column":87}},"type":"binary-expr","locations":[{"start":{"line":22,"column":6},"end":{"line":22,"column":15}},{"start":{"line":22,"column":15},"end":{"line":22,"column":44}},{"start":{"line":22,"column":44},"end":{"line":22,"column":87}}],"line":22},"7":{"loc":{"start":{"line":48,"column":19},"end":{"line":48,"column":47}},"type":"binary-expr","locations":[{"start":{"line":48,"column":19},"end":{"line":48,"column":43}},{"start":{"line":48,"column":43},"end":{"line":48,"column":47}}],"line":48},"8":{"loc":{"start":{"line":57,"column":2},"end":{"line":59,"column":null}},"type":"if","locations":[{"start":{"line":57,"column":2},"end":{"line":59,"column":null}},{"start":{},"end":{}}],"line":57},"9":{"loc":{"start":{"line":57,"column":6},"end":{"line":57,"column":59}},"type":"binary-expr","locations":[{"start":{"line":57,"column":6},"end":{"line":57,"column":14}},{"start":{"line":57,"column":14},"end":{"line":57,"column":29}},{"start":{"line":57,"column":29},"end":{"line":57,"column":46}},{"start":{"line":57,"column":46},"end":{"line":57,"column":59}}],"line":57},"10":{"loc":{"start":{"line":62,"column":9},"end":{"line":62,"column":null}},"type":"cond-expr","locations":[{"start":{"line":62,"column":35},"end":{"line":62,"column":44}},{"start":{"line":62,"column":44},"end":{"line":62,"column":null}}],"line":62},"11":{"loc":{"start":{"line":66,"column":2},"end":{"line":68,"column":null}},"type":"if","locations":[{"start":{"line":66,"column":2},"end":{"line":68,"column":null}},{"start":{},"end":{}}],"line":66},"12":{"loc":{"start":{"line":73,"column":2},"end":{"line":75,"column":null}},"type":"if","locations":[{"start":{"line":73,"column":2},"end":{"line":75,"column":null}},{"start":{},"end":{}}],"line":73}},"s":{"0":63,"1":7,"2":56,"3":0,"4":337,"5":326,"6":11,"7":2,"8":9,"9":4,"10":5,"11":5,"12":337,"13":1495,"14":337,"15":23,"16":23,"17":6,"18":17,"19":17,"20":17,"21":9,"22":1,"23":8,"24":5,"25":1,"26":4,"27":4,"28":4,"29":220},"f":{"0":63,"1":0,"2":337,"3":337,"4":1495,"5":23,"6":9,"7":5,"8":220},"b":{"0":[7,56],"1":[63,57],"2":[54,2],"3":[326,11],"4":[2,9],"5":[4,5],"6":[9,5,5],"7":[1495,1431],"8":[6,17],"9":[23,21,19,18],"10":[17,0],"11":[1,8],"12":[1,4]},"meta":{"lastBranch":13,"lastFunction":9,"lastStatement":30,"seen":{"f:4:16:4:26":0,"b:5:2:7:Infinity:undefined:undefined:undefined:undefined":0,"s:5:2:7:Infinity":0,"b:5:6:5:29:5:29:5:45":1,"s:6:4:6:Infinity":1,"s:8:2:8:Infinity":2,"b:8:32:8:40:8:40:8:Infinity":2,"f:11:22:11:32":1,"s:12:2:12:Infinity":3,"f:15:16:15:25":2,"b:16:2:18:Infinity:undefined:undefined:undefined:undefined":3,"s:16:2:18:Infinity":4,"s:17:4:17:Infinity":5,"b:19:2:21:Infinity:undefined:undefined:undefined:undefined":4,"s:19:2:21:Infinity":6,"s:20:4:20:Infinity":7,"b:22:2:24:Infinity:undefined:undefined:undefined:undefined":5,"s:22:2:24:Infinity":8,"b:22:6:22:15:22:15:22:44:22:44:22:87":6,"s:23:4:23:Infinity":9,"s:25:2:25:Infinity":10,"s:28:47:43:Infinity":11,"f:45:16:45:31":3,"s:46:15:50:Infinity":12,"f:48:9:48:10":4,"s:48:19:48:47":13,"b:48:19:48:43:48:43:48:47":7,"s:52:2:52:Infinity":14,"f:55:16:55:28":5,"s:56:14:56:Infinity":15,"b:57:2:59:Infinity:undefined:undefined:undefined:undefined":8,"s:57:2:59:Infinity":16,"b:57:6:57:14:57:14:57:29:57:29:57:46:57:46:57:59":9,"s:58:4:58:Infinity":17,"s:60:21:60:Infinity":18,"s:61:17:61:Infinity":19,"s:62:2:62:Infinity":20,"b:62:35:62:44:62:44:62:Infinity":10,"f:65:16:65:30":6,"b:66:2:68:Infinity:undefined:undefined:undefined:undefined":11,"s:66:2:68:Infinity":21,"s:67:4:67:Infinity":22,"s:69:2:69:Infinity":23,"f:72:16:72:31":7,"b:73:2:75:Infinity:undefined:undefined:undefined:undefined":12,"s:73:2:75:Infinity":24,"s:74:4:74:Infinity":25,"s:76:14:76:Infinity":26,"s:77:16:85:Infinity":27,"s:86:2:86:Infinity":28,"f:89:16:89:27":8,"s:90:2:95:Infinity":29}}}
,"/Users/aa00037-tanaka/conductor/workspaces/estat-city-report/little-rock/src/config/config.ts": {"path":"/Users/aa00037-tanaka/conductor/workspaces/estat-city-report/little-rock/src/config/config.ts","statementMap":{"0":{"start":{"line":23,"column":19},"end":{"line":23,"column":null}},"1":{"start":{"line":24,"column":2},"end":{"line":34,"column":null}},"2":{"start":{"line":25,"column":20},"end":{"line":25,"column":null}},"3":{"start":{"line":26,"column":4},"end":{"line":26,"column":null}},"4":{"start":{"line":28,"column":4},"end":{"line":30,"column":null}},"5":{"start":{"line":29,"column":6},"end":{"line":29,"column":null}},"6":{"start":{"line":31,"column":4},"end":{"line":33,"column":null}},"7":{"start":{"line":38,"column":28},"end":{"line":38,"column":null}},"8":{"start":{"line":40,"column":21},"end":{"line":40,"column":null}},"9":{"start":{"line":41,"column":2},"end":{"line":55,"column":null}},"10":{"start":{"line":42,"column":4},"end":{"line":42,"column":null}},"11":{"start":{"line":44,"column":34},"end":{"line":52,"column":null}},"12":{"start":{"line":53,"column":4},"end":{"line":53,"column":null}},"13":{"start":{"line":54,"column":4},"end":{"line":54,"column":null}},"14":{"start":{"line":57,"column":25},"end":{"line":57,"column":null}},"15":{"start":{"line":58,"column":2},"end":{"line":63,"column":null}},"16":{"start":{"line":59,"column":4},"end":{"line":59,"column":null}},"17":{"start":{"line":61,"column":4},"end":{"line":61,"column":null}},"18":{"start":{"line":62,"column":4},"end":{"line":62,"column":null}},"19":{"start":{"line":65,"column":2},"end":{"line":65,"column":null}},"20":{"start":{"line":73,"column":2},"end":{"line":89,"column":null}},"21":{"start":{"line":74,"column":4},"end":{"line":84,"column":null}},"22":{"start":{"line":75,"column":6},"end":{"line":83,"column":null}},"23":{"start":{"line":85,"column":4},"end":{"line":88,"column":null}},"24":{"start":{"line":91,"column":22},"end":{"line":91,"column":null}},"25":{"start":{"line":92,"column":2},"end":{"line":121,"column":null}},"26":{"start":{"line":93,"column":20},"end":{"line":93,"column":null}},"27":{"start":{"line":94,"column":4},"end":{"line":104,"column":null}},"28":{"start":{"line":95,"column":6},"end":{"line":103,"column":null}},"29":{"start":{"line":105,"column":4},"end":{"line":115,"column":null}},"30":{"start":{"line":106,"column":6},"end":{"line":114,"column":null}},"31":{"start":{"line":116,"column":4},"end":{"line":120,"column":null}},"32":{"start":{"line":123,"column":2},"end":{"line":132,"column":null}}},"fnMap":{"0":{"name":"loadConfig","decl":{"start":{"line":22,"column":22},"end":{"line":22,"column":33}},"loc":{"start":{"line":22,"column":89},"end":{"line":35,"column":null}},"line":22},"1":{"name":"writeInitFiles","decl":{"start":{"line":37,"column":22},"end":{"line":37,"column":58}},"loc":{"start":{"line":37,"column":58},"end":{"line":66,"column":null}},"line":37},"2":{"name":"resolveStatsDataId","decl":{"start":{"line":68,"column":16},"end":{"line":68,"column":35}},"loc":{"start":{"line":72,"column":72},"end":{"line":133,"column":null}},"line":72}},"branchMap":{"0":{"loc":{"start":{"line":22,"column":33},"end":{"line":22,"column":89}},"type":"default-arg","locations":[{"start":{"line":22,"column":46},"end":{"line":22,"column":89}}],"line":22},"1":{"loc":{"start":{"line":28,"column":4},"end":{"line":30,"column":null}},"type":"if","locations":[{"start":{"line":28,"column":4},"end":{"line":30,"column":null}},{"start":{},"end":{}}],"line":28},"2":{"loc":{"start":{"line":73,"column":2},"end":{"line":89,"column":null}},"type":"if","locations":[{"start":{"line":73,"column":2},"end":{"line":89,"column":null}},{"start":{},"end":{}}],"line":73},"3":{"loc":{"start":{"line":74,"column":4},"end":{"line":84,"column":null}},"type":"if","locations":[{"start":{"line":74,"column":4},"end":{"line":84,"column":null}},{"start":{},"end":{}}],"line":74},"4":{"loc":{"start":{"line":91,"column":22},"end":{"line":91,"column":null}},"type":"binary-expr","locations":[{"start":{"line":91,"column":22},"end":{"line":91,"column":42}},{"start":{"line":91,"column":42},"end":{"line":91,"column":null}}],"line":91},"5":{"loc":{"start":{"line":92,"column":2},"end":{"line":121,"column":null}},"type":"if","locations":[{"start":{"line":92,"column":2},"end":{"line":121,"column":null}},{"start":{},"end":{}}],"line":92},"6":{"loc":{"start":{"line":94,"column":4},"end":{"line":104,"column":null}},"type":"if","locations":[{"start":{"line":94,"column":4},"end":{"line":104,"column":null}},{"start":{},"end":{}}],"line":94},"7":{"loc":{"start":{"line":105,"column":4},"end":{"line":115,"column":null}},"type":"if","locations":[{"start":{"line":105,"column":4},"end":{"line":115,"column":null}},{"start":{},"end":{}}],"line":105}},"s":{"0":3,"1":3,"2":3,"3":2,"4":2,"5":1,"6":1,"7":3,"8":3,"9":3,"10":3,"11":1,"12":1,"13":1,"14":3,"15":3,"16":3,"17":2,"18":2,"19":3,"20":8,"21":3,"22":1,"23":2,"24":5,"25":8,"26":4,"27":4,"28":1,"29":3,"30":1,"31":2,"32":1},"f":{"0":3,"1":3,"2":8},"b":{"0":[3],"1":[1,1],"2":[3,5],"3":[1,2],"4":[5,3],"5":[4,4],"6":[1,3],"7":[1,2]},"meta":{"lastBranch":8,"lastFunction":3,"lastStatement":33,"seen":{"f:22:22:22:33":0,"b:22:46:22:89":0,"s:23:19:23:Infinity":0,"s:24:2:34:Infinity":1,"s:25:20:25:Infinity":2,"s:26:4:26:Infinity":3,"b:28:4:30:Infinity:undefined:undefined:undefined:undefined":1,"s:28:4:30:Infinity":4,"s:29:6:29:Infinity":5,"s:31:4:33:Infinity":6,"f:37:22:37:58":1,"s:38:28:38:Infinity":7,"s:40:21:40:Infinity":8,"s:41:2:55:Infinity":9,"s:42:4:42:Infinity":10,"s:44:34:52:Infinity":11,"s:53:4:53:Infinity":12,"s:54:4:54:Infinity":13,"s:57:25:57:Infinity":14,"s:58:2:63:Infinity":15,"s:59:4:59:Infinity":16,"s:61:4:61:Infinity":17,"s:62:4:62:Infinity":18,"s:65:2:65:Infinity":19,"f:68:16:68:35":2,"b:73:2:89:Infinity:undefined:undefined:undefined:undefined":2,"s:73:2:89:Infinity":20,"b:74:4:84:Infinity:undefined:undefined:undefined:undefined":3,"s:74:4:84:Infinity":21,"s:75:6:83:Infinity":22,"s:85:4:88:Infinity":23,"s:91:22:91:Infinity":24,"b:91:22:91:42:91:42:91:Infinity":4,"b:92:2:121:Infinity:undefined:undefined:undefined:undefined":5,"s:92:2:121:Infinity":25,"s:93:20:93:Infinity":26,"b:94:4:104:Infinity:undefined:undefined:undefined:undefined":6,"s:94:4:104:Infinity":27,"s:95:6:103:Infinity":28,"b:105:4:115:Infinity:undefined:undefined:undefined:undefined":7,"s:105:4:115:Infinity":29,"s:106:6:114:Infinity":30,"s:116:4:120:Infinity":31,"s:123:2:132:Infinity":32}}}
,"/Users/aa00037-tanaka/conductor/workspaces/estat-city-report/little-rock/src/estat/meta.ts": {"path":"/Users/aa00037-tanaka/conductor/workspaces/estat-city-report/little-rock/src/estat/meta.ts","statementMap":{"0":{"start":{"line":47,"column":8},"end":{"line":47,"column":null}},"1":{"start":{"line":48,"column":2},"end":{"line":74,"column":null}},"2":{"start":{"line":50,"column":12},"end":{"line":50,"column":null}},"3":{"start":{"line":51,"column":6},"end":{"line":53,"column":null}},"4":{"start":{"line":52,"column":8},"end":{"line":52,"column":null}},"5":{"start":{"line":55,"column":12},"end":{"line":66,"column":null}},"6":{"start":{"line":57,"column":16},"end":{"line":57,"column":null}},"7":{"start":{"line":58,"column":10},"end":{"line":60,"column":null}},"8":{"start":{"line":59,"column":12},"end":{"line":59,"column":null}},"9":{"start":{"line":61,"column":10},"end":{"line":64,"column":null}},"10":{"start":{"line":66,"column":45},"end":{"line":66,"column":58}},"11":{"start":{"line":68,"column":6},"end":{"line":72,"column":null}},"12":{"start":{"line":74,"column":40},"end":{"line":74,"column":53}},"13":{"start":{"line":78,"column":8},"end":{"line":78,"column":null}},"14":{"start":{"line":79,"column":8},"end":{"line":79,"column":null}},"15":{"start":{"line":80,"column":14},"end":{"line":80,"column":null}},"16":{"start":{"line":82,"column":2},"end":{"line":84,"column":null}},"17":{"start":{"line":83,"column":4},"end":{"line":83,"column":null}},"18":{"start":{"line":85,"column":2},"end":{"line":87,"column":null}},"19":{"start":{"line":86,"column":4},"end":{"line":86,"column":null}},"20":{"start":{"line":88,"column":2},"end":{"line":90,"column":null}},"21":{"start":{"line":89,"column":4},"end":{"line":89,"column":null}},"22":{"start":{"line":92,"column":17},"end":{"line":92,"column":null}},"23":{"start":{"line":92,"column":59},"end":{"line":92,"column":68}},"24":{"start":{"line":93,"column":2},"end":{"line":95,"column":null}},"25":{"start":{"line":94,"column":4},"end":{"line":94,"column":null}},"26":{"start":{"line":97,"column":2},"end":{"line":97,"column":null}},"27":{"start":{"line":101,"column":17},"end":{"line":101,"column":null}},"28":{"start":{"line":101,"column":47},"end":{"line":101,"column":90}},"29":{"start":{"line":102,"column":19},"end":{"line":102,"column":null}},"30":{"start":{"line":104,"column":2},"end":{"line":109,"column":null}},"31":{"start":{"line":105,"column":4},"end":{"line":108,"column":null}},"32":{"start":{"line":111,"column":2},"end":{"line":111,"column":null}},"33":{"start":{"line":115,"column":2},"end":{"line":118,"column":null}},"34":{"start":{"line":115,"column":40},"end":{"line":118,"column":4}},"35":{"start":{"line":121,"column":26},"end":{"line":121,"column":null}},"36":{"start":{"line":124,"column":2},"end":{"line":124,"column":null}},"37":{"start":{"line":128,"column":8},"end":{"line":128,"column":null}},"38":{"start":{"line":129,"column":8},"end":{"line":129,"column":null}},"39":{"start":{"line":130,"column":2},"end":{"line":132,"column":null}},"40":{"start":{"line":131,"column":4},"end":{"line":131,"column":null}},"41":{"start":{"line":133,"column":2},"end":{"line":135,"column":null}},"42":{"start":{"line":134,"column":4},"end":{"line":134,"column":null}},"43":{"start":{"line":137,"column":15},"end":{"line":137,"column":null}},"44":{"start":{"line":138,"column":2},"end":{"line":142,"column":null}},"45":{"start":{"line":139,"column":4},"end":{"line":141,"column":null}},"46":{"start":{"line":140,"column":6},"end":{"line":140,"column":null}},"47":{"start":{"line":143,"column":2},"end":{"line":143,"column":null}},"48":{"start":{"line":147,"column":2},"end":{"line":147,"column":null}},"49":{"start":{"line":147,"column":30},"end":{"line":147,"column":66}},"50":{"start":{"line":151,"column":8},"end":{"line":151,"column":null}},"51":{"start":{"line":152,"column":8},"end":{"line":152,"column":null}},"52":{"start":{"line":154,"column":16},"end":{"line":157,"column":null}},"53":{"start":{"line":155,"column":10},"end":{"line":155,"column":null}},"54":{"start":{"line":156,"column":4},"end":{"line":156,"column":null}},"55":{"start":{"line":159,"column":2},"end":{"line":165,"column":null}},"56":{"start":{"line":160,"column":4},"end":{"line":164,"column":null}},"57":{"start":{"line":167,"column":2},"end":{"line":177,"column":null}},"58":{"start":{"line":168,"column":4},"end":{"line":176,"column":null}},"59":{"start":{"line":171,"column":48},"end":{"line":171,"column":78}},"60":{"start":{"line":179,"column":18},"end":{"line":183,"column":null}},"61":{"start":{"line":180,"column":10},"end":{"line":180,"column":null}},"62":{"start":{"line":181,"column":4},"end":{"line":182,"column":null}},"63":{"start":{"line":185,"column":2},"end":{"line":191,"column":null}},"64":{"start":{"line":186,"column":4},"end":{"line":190,"column":null}},"65":{"start":{"line":193,"column":22},"end":{"line":201,"column":null}},"66":{"start":{"line":194,"column":21},"end":{"line":197,"column":6}},"67":{"start":{"line":198,"column":20},"end":{"line":198,"column":37}},"68":{"start":{"line":200,"column":23},"end":{"line":200,"column":38}},"69":{"start":{"line":201,"column":20},"end":{"line":201,"column":50}},"70":{"start":{"line":203,"column":2},"end":{"line":213,"column":null}},"71":{"start":{"line":204,"column":4},"end":{"line":212,"column":null}},"72":{"start":{"line":207,"column":50},"end":{"line":207,"column":80}},"73":{"start":{"line":215,"column":2},"end":{"line":223,"column":null}},"74":{"start":{"line":227,"column":8},"end":{"line":227,"column":null}},"75":{"start":{"line":228,"column":8},"end":{"line":228,"column":null}},"76":{"start":{"line":229,"column":14},"end":{"line":229,"column":null}},"77":{"start":{"line":230,"column":2},"end":{"line":232,"column":null}},"78":{"start":{"line":231,"column":4},"end":{"line":231,"column":null}},"79":{"start":{"line":233,"column":2},"end":{"line":235,"column":null}},"80":{"start":{"line":234,"column":4},"end":{"line":234,"column":null}},"81":{"start":{"line":236,"column":2},"end":{"line":238,"column":null}},"82":{"start":{"line":237,"column":4},"end":{"line":237,"column":null}},"83":{"start":{"line":239,"column":2},"end":{"line":239,"column":null}},"84":{"start":{"line":243,"column":17},"end":{"line":243,"column":null}},"85":{"start":{"line":244,"column":2},"end":{"line":247,"column":null}},"86":{"start":{"line":251,"column":17},"end":{"line":251,"column":null}},"87":{"start":{"line":251,"column":47},"end":{"line":251,"column":90}},"88":{"start":{"line":252,"column":20},"end":{"line":252,"column":null}},"89":{"start":{"line":254,"column":2},"end":{"line":258,"column":null}},"90":{"start":{"line":255,"column":4},"end":{"line":257,"column":null}},"91":{"start":{"line":260,"column":2},"end":{"line":273,"column":null}},"92":{"start":{"line":261,"column":20},"end":{"line":261,"column":null}},"93":{"start":{"line":261,"column":51},"end":{"line":261,"column":77}},"94":{"start":{"line":262,"column":4},"end":{"line":266,"column":null}},"95":{"start":{"line":263,"column":6},"end":{"line":265,"column":null}},"96":{"start":{"line":264,"column":64},"end":{"line":264,"column":92}},"97":{"start":{"line":268,"column":4},"end":{"line":272,"column":null}},"98":{"start":{"line":275,"column":17},"end":{"line":288,"column":null}},"99":{"start":{"line":276,"column":15},"end":{"line":276,"column":null}},"100":{"start":{"line":277,"column":15},"end":{"line":277,"column":null}},"101":{"start":{"line":278,"column":4},"end":{"line":280,"column":null}},"102":{"start":{"line":279,"column":6},"end":{"line":279,"column":null}},"103":{"start":{"line":281,"column":4},"end":{"line":283,"column":null}},"104":{"start":{"line":282,"column":6},"end":{"line":282,"column":null}},"105":{"start":{"line":284,"column":4},"end":{"line":286,"column":null}},"106":{"start":{"line":285,"column":6},"end":{"line":285,"column":null}},"107":{"start":{"line":287,"column":4},"end":{"line":287,"column":null}},"108":{"start":{"line":290,"column":2},"end":{"line":292,"column":null}},"109":{"start":{"line":291,"column":4},"end":{"line":291,"column":null}},"110":{"start":{"line":294,"column":2},"end":{"line":298,"column":null}},"111":{"start":{"line":302,"column":8},"end":{"line":302,"column":null}},"112":{"start":{"line":303,"column":2},"end":{"line":305,"column":null}},"113":{"start":{"line":304,"column":4},"end":{"line":304,"column":null}},"114":{"start":{"line":306,"column":2},"end":{"line":308,"column":null}},"115":{"start":{"line":307,"column":4},"end":{"line":307,"column":null}},"116":{"start":{"line":309,"column":2},"end":{"line":311,"column":null}},"117":{"start":{"line":310,"column":4},"end":{"line":310,"column":null}},"118":{"start":{"line":312,"column":2},"end":{"line":314,"column":null}},"119":{"start":{"line":313,"column":4},"end":{"line":313,"column":null}},"120":{"start":{"line":315,"column":2},"end":{"line":317,"column":null}},"121":{"start":{"line":316,"column":4},"end":{"line":316,"column":null}},"122":{"start":{"line":318,"column":2},"end":{"line":318,"column":null}},"123":{"start":{"line":322,"column":8},"end":{"line":322,"column":null}},"124":{"start":{"line":323,"column":2},"end":{"line":325,"column":null}},"125":{"start":{"line":324,"column":4},"end":{"line":324,"column":null}},"126":{"start":{"line":326,"column":2},"end":{"line":328,"column":null}},"127":{"start":{"line":327,"column":4},"end":{"line":327,"column":null}},"128":{"start":{"line":329,"column":2},"end":{"line":331,"column":null}},"129":{"start":{"line":330,"column":4},"end":{"line":330,"column":null}},"130":{"start":{"line":332,"column":2},"end":{"line":334,"column":null}},"131":{"start":{"line":333,"column":4},"end":{"line":333,"column":null}},"132":{"start":{"line":335,"column":2},"end":{"line":337,"column":null}},"133":{"start":{"line":336,"column":4},"end":{"line":336,"column":null}},"134":{"start":{"line":338,"column":2},"end":{"line":338,"column":null}},"135":{"start":{"line":342,"column":8},"end":{"line":342,"column":null}},"136":{"start":{"line":343,"column":8},"end":{"line":343,"column":null}},"137":{"start":{"line":344,"column":14},"end":{"line":344,"column":null}},"138":{"start":{"line":345,"column":2},"end":{"line":347,"column":null}},"139":{"start":{"line":346,"column":4},"end":{"line":346,"column":null}},"140":{"start":{"line":348,"column":2},"end":{"line":350,"column":null}},"141":{"start":{"line":349,"column":4},"end":{"line":349,"column":null}},"142":{"start":{"line":351,"column":2},"end":{"line":351,"column":null}},"143":{"start":{"line":358,"column":21},"end":{"line":360,"column":null}},"144":{"start":{"line":359,"column":26},"end":{"line":359,"column":56}},"145":{"start":{"line":360,"column":20},"end":{"line":360,"column":61}},"146":{"start":{"line":362,"column":24},"end":{"line":368,"column":null}},"147":{"start":{"line":363,"column":36},"end":{"line":363,"column":69}},"148":{"start":{"line":365,"column":27},"end":{"line":365,"column":null}},"149":{"start":{"line":365,"column":68},"end":{"line":365,"column":91}},"150":{"start":{"line":366,"column":26},"end":{"line":366,"column":null}},"151":{"start":{"line":366,"column":67},"end":{"line":366,"column":89}},"152":{"start":{"line":367,"column":8},"end":{"line":367,"column":null}},"153":{"start":{"line":370,"column":2},"end":{"line":379,"column":null}},"154":{"start":{"line":371,"column":20},"end":{"line":374,"column":null}},"155":{"start":{"line":373,"column":25},"end":{"line":373,"column":58}},"156":{"start":{"line":375,"column":4},"end":{"line":378,"column":null}},"157":{"start":{"line":381,"column":16},"end":{"line":383,"column":null}},"158":{"start":{"line":382,"column":41},"end":{"line":382,"column":74}},"159":{"start":{"line":383,"column":46},"end":{"line":383,"column":89}},"160":{"start":{"line":385,"column":15},"end":{"line":387,"column":null}},"161":{"start":{"line":386,"column":41},"end":{"line":386,"column":73}},"162":{"start":{"line":387,"column":46},"end":{"line":387,"column":87}},"163":{"start":{"line":389,"column":2},"end":{"line":394,"column":null}},"164":{"start":{"line":390,"column":4},"end":{"line":393,"column":null}},"165":{"start":{"line":391,"column":85},"end":{"line":391,"column":112}},"166":{"start":{"line":396,"column":2},"end":{"line":401,"column":null}},"167":{"start":{"line":397,"column":4},"end":{"line":400,"column":null}},"168":{"start":{"line":398,"column":85},"end":{"line":398,"column":112}},"169":{"start":{"line":403,"column":2},"end":{"line":408,"column":null}},"170":{"start":{"line":412,"column":8},"end":{"line":412,"column":null}},"171":{"start":{"line":413,"column":2},"end":{"line":436,"column":null}},"172":{"start":{"line":414,"column":18},"end":{"line":414,"column":null}},"173":{"start":{"line":414,"column":63},"end":{"line":414,"column":82}},"174":{"start":{"line":415,"column":41},"end":{"line":415,"column":null}},"175":{"start":{"line":419,"column":4},"end":{"line":428,"column":null}},"176":{"start":{"line":420,"column":28},"end":{"line":420,"column":null}},"177":{"start":{"line":421,"column":6},"end":{"line":427,"column":null}},"178":{"start":{"line":422,"column":8},"end":{"line":422,"column":null}},"179":{"start":{"line":423,"column":6},"end":{"line":427,"column":null}},"180":{"start":{"line":424,"column":8},"end":{"line":424,"column":null}},"181":{"start":{"line":425,"column":6},"end":{"line":427,"column":null}},"182":{"start":{"line":426,"column":8},"end":{"line":426,"column":null}},"183":{"start":{"line":430,"column":4},"end":{"line":435,"column":null}},"184":{"start":{"line":440,"column":14},"end":{"line":440,"column":null}},"185":{"start":{"line":442,"column":19},"end":{"line":450,"column":null}},"186":{"start":{"line":443,"column":4},"end":{"line":445,"column":null}},"187":{"start":{"line":444,"column":6},"end":{"line":444,"column":null}},"188":{"start":{"line":446,"column":4},"end":{"line":448,"column":null}},"189":{"start":{"line":447,"column":6},"end":{"line":447,"column":null}},"190":{"start":{"line":449,"column":4},"end":{"line":449,"column":null}},"191":{"start":{"line":452,"column":2},"end":{"line":457,"column":null}},"192":{"start":{"line":453,"column":4},"end":{"line":455,"column":null}},"193":{"start":{"line":454,"column":6},"end":{"line":454,"column":null}},"194":{"start":{"line":456,"column":4},"end":{"line":456,"column":null}},"195":{"start":{"line":459,"column":2},"end":{"line":459,"column":null}},"196":{"start":{"line":463,"column":19},"end":{"line":469,"column":null}},"197":{"start":{"line":464,"column":26},"end":{"line":464,"column":55}},"198":{"start":{"line":467,"column":21},"end":{"line":467,"column":null}},"199":{"start":{"line":467,"column":62},"end":{"line":467,"column":89}},"200":{"start":{"line":468,"column":6},"end":{"line":468,"column":null}},"201":{"start":{"line":471,"column":2},"end":{"line":471,"column":null}}},"fnMap":{"0":{"name":"extractClassObjects","decl":{"start":{"line":46,"column":16},"end":{"line":46,"column":36}},"loc":{"start":{"line":46,"column":63},"end":{"line":75,"column":null}},"line":46},"1":{"name":"(anonymous_1)","decl":{"start":{"line":49,"column":9},"end":{"line":49,"column":10}},"loc":{"start":{"line":49,"column":40},"end":{"line":73,"column":5}},"line":49},"2":{"name":"(anonymous_2)","decl":{"start":{"line":56,"column":13},"end":{"line":56,"column":14}},"loc":{"start":{"line":56,"column":41},"end":{"line":65,"column":9}},"line":56},"3":{"name":"(anonymous_3)","decl":{"start":{"line":66,"column":16},"end":{"line":66,"column":17}},"loc":{"start":{"line":66,"column":45},"end":{"line":66,"column":58}},"line":66},"4":{"name":"(anonymous_4)","decl":{"start":{"line":74,"column":12},"end":{"line":74,"column":13}},"loc":{"start":{"line":74,"column":40},"end":{"line":74,"column":53}},"line":74},"5":{"name":"classScoreForArea","decl":{"start":{"line":77,"column":9},"end":{"line":77,"column":27}},"loc":{"start":{"line":77,"column":55},"end":{"line":98,"column":null}},"line":77},"6":{"name":"(anonymous_6)","decl":{"start":{"line":92,"column":49},"end":{"line":92,"column":50}},"loc":{"start":{"line":92,"column":59},"end":{"line":92,"column":68}},"line":92},"7":{"name":"resolveAreaClass","decl":{"start":{"line":100,"column":16},"end":{"line":100,"column":33}},"loc":{"start":{"line":100,"column":66},"end":{"line":112,"column":null}},"line":100},"8":{"name":"(anonymous_8)","decl":{"start":{"line":101,"column":37},"end":{"line":101,"column":38}},"loc":{"start":{"line":101,"column":47},"end":{"line":101,"column":90}},"line":101},"9":{"name":"buildAreaEntries","decl":{"start":{"line":114,"column":16},"end":{"line":114,"column":33}},"loc":{"start":{"line":114,"column":67},"end":{"line":119,"column":null}},"line":114},"10":{"name":"(anonymous_10)","decl":{"start":{"line":115,"column":29},"end":{"line":115,"column":30}},"loc":{"start":{"line":115,"column":40},"end":{"line":118,"column":4}},"line":115},"11":{"name":"stripPrefecture","decl":{"start":{"line":123,"column":9},"end":{"line":123,"column":25}},"loc":{"start":{"line":123,"column":48},"end":{"line":125,"column":null}},"line":123},"12":{"name":"candidateScore","decl":{"start":{"line":127,"column":9},"end":{"line":127,"column":24}},"loc":{"start":{"line":127,"column":63},"end":{"line":144,"column":null}},"line":127},"13":{"name":"resolveCities","decl":{"start":{"line":146,"column":16},"end":{"line":146,"column":30}},"loc":{"start":{"line":146,"column":92},"end":{"line":148,"column":null}},"line":146},"14":{"name":"(anonymous_14)","decl":{"start":{"line":147,"column":20},"end":{"line":147,"column":21}},"loc":{"start":{"line":147,"column":30},"end":{"line":147,"column":66}},"line":147},"15":{"name":"resolveSingleCity","decl":{"start":{"line":150,"column":9},"end":{"line":150,"column":27}},"loc":{"start":{"line":150,"column":83},"end":{"line":224,"column":null}},"line":150},"16":{"name":"(anonymous_16)","decl":{"start":{"line":154,"column":35},"end":{"line":154,"column":36}},"loc":{"start":{"line":154,"column":46},"end":{"line":157,"column":3}},"line":154},"17":{"name":"(anonymous_17)","decl":{"start":{"line":171,"column":37},"end":{"line":171,"column":38}},"loc":{"start":{"line":171,"column":48},"end":{"line":171,"column":78}},"line":171},"18":{"name":"(anonymous_18)","decl":{"start":{"line":179,"column":37},"end":{"line":179,"column":38}},"loc":{"start":{"line":179,"column":48},"end":{"line":183,"column":3}},"line":179},"19":{"name":"(anonymous_19)","decl":{"start":{"line":194,"column":9},"end":{"line":194,"column":10}},"loc":{"start":{"line":194,"column":21},"end":{"line":197,"column":6}},"line":194},"20":{"name":"(anonymous_20)","decl":{"start":{"line":198,"column":10},"end":{"line":198,"column":11}},"loc":{"start":{"line":198,"column":20},"end":{"line":198,"column":37}},"line":198},"21":{"name":"(anonymous_21)","decl":{"start":{"line":200,"column":12},"end":{"line":200,"column":13}},"loc":{"start":{"line":200,"column":23},"end":{"line":200,"column":38}},"line":200},"22":{"name":"(anonymous_22)","decl":{"start":{"line":201,"column":9},"end":{"line":201,"column":10}},"loc":{"start":{"line":201,"column":20},"end":{"line":201,"column":50}},"line":201},"23":{"name":"(anonymous_23)","decl":{"start":{"line":207,"column":39},"end":{"line":207,"column":40}},"loc":{"start":{"line":207,"column":50},"end":{"line":207,"column":80}},"line":207},"24":{"name":"classScoreForTime","decl":{"start":{"line":226,"column":9},"end":{"line":226,"column":27}},"loc":{"start":{"line":226,"column":55},"end":{"line":240,"column":null}},"line":226},"25":{"name":"timeComparable","decl":{"start":{"line":242,"column":9},"end":{"line":242,"column":24}},"loc":{"start":{"line":242,"column":68},"end":{"line":248,"column":null}},"line":242},"26":{"name":"resolveLatestTime","decl":{"start":{"line":250,"column":16},"end":{"line":250,"column":34}},"loc":{"start":{"line":250,"column":95},"end":{"line":299,"column":null}},"line":250},"27":{"name":"(anonymous_27)","decl":{"start":{"line":251,"column":37},"end":{"line":251,"column":38}},"loc":{"start":{"line":251,"column":47},"end":{"line":251,"column":90}},"line":251},"28":{"name":"(anonymous_28)","decl":{"start":{"line":261,"column":41},"end":{"line":261,"column":42}},"loc":{"start":{"line":261,"column":51},"end":{"line":261,"column":77}},"line":261},"29":{"name":"(anonymous_29)","decl":{"start":{"line":264,"column":54},"end":{"line":264,"column":55}},"loc":{"start":{"line":264,"column":64},"end":{"line":264,"column":92}},"line":264},"30":{"name":"(anonymous_30)","decl":{"start":{"line":275,"column":43},"end":{"line":275,"column":44}},"loc":{"start":{"line":275,"column":53},"end":{"line":288,"column":3}},"line":275},"31":{"name":"isTotalLabel","decl":{"start":{"line":301,"column":9},"end":{"line":301,"column":22}},"loc":{"start":{"line":301,"column":44},"end":{"line":319,"column":null}},"line":301},"32":{"name":"isKidsLabel","decl":{"start":{"line":321,"column":9},"end":{"line":321,"column":21}},"loc":{"start":{"line":321,"column":43},"end":{"line":339,"column":null}},"line":321},"33":{"name":"classScoreForAge","decl":{"start":{"line":341,"column":9},"end":{"line":341,"column":26}},"loc":{"start":{"line":341,"column":54},"end":{"line":352,"column":null}},"line":341},"34":{"name":"resolveAgeSelection","decl":{"start":{"line":354,"column":16},"end":{"line":354,"column":null}},"loc":{"start":{"line":357,"column":16},"end":{"line":409,"column":null}},"line":357},"35":{"name":"(anonymous_35)","decl":{"start":{"line":359,"column":12},"end":{"line":359,"column":13}},"loc":{"start":{"line":359,"column":26},"end":{"line":359,"column":56}},"line":359},"36":{"name":"(anonymous_36)","decl":{"start":{"line":360,"column":10},"end":{"line":360,"column":11}},"loc":{"start":{"line":360,"column":20},"end":{"line":360,"column":61}},"line":360},"37":{"name":"(anonymous_37)","decl":{"start":{"line":363,"column":22},"end":{"line":363,"column":23}},"loc":{"start":{"line":363,"column":36},"end":{"line":363,"column":69}},"line":363},"38":{"name":"(anonymous_38)","decl":{"start":{"line":364,"column":22},"end":{"line":364,"column":23}},"loc":{"start":{"line":364,"column":36},"end":{"line":368,"column":7}},"line":364},"39":{"name":"(anonymous_39)","decl":{"start":{"line":365,"column":58},"end":{"line":365,"column":59}},"loc":{"start":{"line":365,"column":68},"end":{"line":365,"column":91}},"line":365},"40":{"name":"(anonymous_40)","decl":{"start":{"line":366,"column":57},"end":{"line":366,"column":58}},"loc":{"start":{"line":366,"column":67},"end":{"line":366,"column":89}},"line":366},"41":{"name":"(anonymous_41)","decl":{"start":{"line":373,"column":11},"end":{"line":373,"column":12}},"loc":{"start":{"line":373,"column":25},"end":{"line":373,"column":58}},"line":373},"42":{"name":"(anonymous_42)","decl":{"start":{"line":382,"column":31},"end":{"line":382,"column":32}},"loc":{"start":{"line":382,"column":41},"end":{"line":382,"column":74}},"line":382},"43":{"name":"(anonymous_43)","decl":{"start":{"line":383,"column":36},"end":{"line":383,"column":37}},"loc":{"start":{"line":383,"column":46},"end":{"line":383,"column":89}},"line":383},"44":{"name":"(anonymous_44)","decl":{"start":{"line":386,"column":31},"end":{"line":386,"column":32}},"loc":{"start":{"line":386,"column":41},"end":{"line":386,"column":73}},"line":386},"45":{"name":"(anonymous_45)","decl":{"start":{"line":387,"column":36},"end":{"line":387,"column":37}},"loc":{"start":{"line":387,"column":46},"end":{"line":387,"column":87}},"line":387},"46":{"name":"(anonymous_46)","decl":{"start":{"line":391,"column":75},"end":{"line":391,"column":76}},"loc":{"start":{"line":391,"column":85},"end":{"line":391,"column":112}},"line":391},"47":{"name":"(anonymous_47)","decl":{"start":{"line":398,"column":75},"end":{"line":398,"column":76}},"loc":{"start":{"line":398,"column":85},"end":{"line":398,"column":112}},"line":398},"48":{"name":"extractDataValues","decl":{"start":{"line":411,"column":16},"end":{"line":411,"column":34}},"loc":{"start":{"line":411,"column":58},"end":{"line":437,"column":null}},"line":411},"49":{"name":"(anonymous_49)","decl":{"start":{"line":413,"column":20},"end":{"line":413,"column":21}},"loc":{"start":{"line":413,"column":30},"end":{"line":436,"column":3}},"line":413},"50":{"name":"(anonymous_50)","decl":{"start":{"line":414,"column":52},"end":{"line":414,"column":53}},"loc":{"start":{"line":414,"column":63},"end":{"line":414,"column":82}},"line":414},"51":{"name":"valuesByArea","decl":{"start":{"line":439,"column":16},"end":{"line":439,"column":29}},"loc":{"start":{"line":439,"column":89},"end":{"line":460,"column":null}},"line":439},"52":{"name":"(anonymous_52)","decl":{"start":{"line":442,"column":33},"end":{"line":442,"column":34}},"loc":{"start":{"line":442,"column":44},"end":{"line":450,"column":3}},"line":442},"53":{"name":"formatSelectionPreview","decl":{"start":{"line":462,"column":16},"end":{"line":462,"column":39}},"loc":{"start":{"line":462,"column":70},"end":{"line":472,"column":null}},"line":462},"54":{"name":"(anonymous_54)","decl":{"start":{"line":464,"column":12},"end":{"line":464,"column":13}},"loc":{"start":{"line":464,"column":26},"end":{"line":464,"column":55}},"line":464},"55":{"name":"(anonymous_55)","decl":{"start":{"line":466,"column":9},"end":{"line":466,"column":10}},"loc":{"start":{"line":466,"column":23},"end":{"line":469,"column":5}},"line":466},"56":{"name":"(anonymous_56)","decl":{"start":{"line":467,"column":52},"end":{"line":467,"column":53}},"loc":{"start":{"line":467,"column":62},"end":{"line":467,"column":89}},"line":467}},"branchMap":{"0":{"loc":{"start":{"line":51,"column":6},"end":{"line":53,"column":null}},"type":"if","locations":[{"start":{"line":51,"column":6},"end":{"line":53,"column":null}},{"start":{},"end":{}}],"line":51},"1":{"loc":{"start":{"line":58,"column":10},"end":{"line":60,"column":null}},"type":"if","locations":[{"start":{"line":58,"column":10},"end":{"line":60,"column":null}},{"start":{},"end":{}}],"line":58},"2":{"loc":{"start":{"line":82,"column":2},"end":{"line":84,"column":null}},"type":"if","locations":[{"start":{"line":82,"column":2},"end":{"line":84,"column":null}},{"start":{},"end":{}}],"line":82},"3":{"loc":{"start":{"line":85,"column":2},"end":{"line":87,"column":null}},"type":"if","locations":[{"start":{"line":85,"column":2},"end":{"line":87,"column":null}},{"start":{},"end":{}}],"line":85},"4":{"loc":{"start":{"line":88,"column":2},"end":{"line":90,"column":null}},"type":"if","locations":[{"start":{"line":88,"column":2},"end":{"line":90,"column":null}},{"start":{},"end":{}}],"line":88},"5":{"loc":{"start":{"line":88,"column":6},"end":{"line":88,"column":54}},"type":"binary-expr","locations":[{"start":{"line":88,"column":6},"end":{"line":88,"column":31}},{"start":{"line":88,"column":31},"end":{"line":88,"column":54}}],"line":88},"6":{"loc":{"start":{"line":93,"column":2},"end":{"line":95,"column":null}},"type":"if","locations":[{"start":{"line":93,"column":2},"end":{"line":95,"column":null}},{"start":{},"end":{}}],"line":93},"7":{"loc":{"start":{"line":104,"column":2},"end":{"line":109,"column":null}},"type":"if","locations":[{"start":{"line":104,"column":2},"end":{"line":109,"column":null}},{"start":{},"end":{}}],"line":104},"8":{"loc":{"start":{"line":104,"column":6},"end":{"line":104,"column":53}},"type":"binary-expr","locations":[{"start":{"line":104,"column":6},"end":{"line":104,"column":19}},{"start":{"line":104,"column":19},"end":{"line":104,"column":53}}],"line":104},"9":{"loc":{"start":{"line":130,"column":2},"end":{"line":132,"column":null}},"type":"if","locations":[{"start":{"line":130,"column":2},"end":{"line":132,"column":null}},{"start":{},"end":{}}],"line":130},"10":{"loc":{"start":{"line":133,"column":2},"end":{"line":135,"column":null}},"type":"if","locations":[{"start":{"line":133,"column":2},"end":{"line":135,"column":null}},{"start":{},"end":{}}],"line":133},"11":{"loc":{"start":{"line":133,"column":6},"end":{"line":133,"column":38}},"type":"binary-expr","locations":[{"start":{"line":133,"column":6},"end":{"line":133,"column":23}},{"start":{"line":133,"column":23},"end":{"line":133,"column":38}}],"line":133},"12":{"loc":{"start":{"line":139,"column":4},"end":{"line":141,"column":null}},"type":"if","locations":[{"start":{"line":139,"column":4},"end":{"line":141,"column":null}},{"start":{},"end":{}}],"line":139},"13":{"loc":{"start":{"line":156,"column":11},"end":{"line":156,"column":null}},"type":"binary-expr","locations":[{"start":{"line":156,"column":11},"end":{"line":156,"column":49}},{"start":{"line":156,"column":49},"end":{"line":156,"column":null}}],"line":156},"14":{"loc":{"start":{"line":159,"column":2},"end":{"line":165,"column":null}},"type":"if","locations":[{"start":{"line":159,"column":2},"end":{"line":165,"column":null}},{"start":{},"end":{}}],"line":159},"15":{"loc":{"start":{"line":167,"column":2},"end":{"line":177,"column":null}},"type":"if","locations":[{"start":{"line":167,"column":2},"end":{"line":177,"column":null}},{"start":{},"end":{}}],"line":167},"16":{"loc":{"start":{"line":181,"column":11},"end":{"line":182,"column":null}},"type":"binary-expr","locations":[{"start":{"line":181,"column":11},"end":{"line":181,"column":55}},{"start":{"line":181,"column":55},"end":{"line":181,"column":null}},{"start":{"line":182,"column":6},"end":{"line":182,"column":48}},{"start":{"line":182,"column":48},"end":{"line":182,"column":null}}],"line":181},"17":{"loc":{"start":{"line":185,"column":2},"end":{"line":191,"column":null}},"type":"if","locations":[{"start":{"line":185,"column":2},"end":{"line":191,"column":null}},{"start":{},"end":{}}],"line":185},"18":{"loc":{"start":{"line":203,"column":2},"end":{"line":213,"column":null}},"type":"if","locations":[{"start":{"line":203,"column":2},"end":{"line":213,"column":null}},{"start":{},"end":{}}],"line":203},"19":{"loc":{"start":{"line":218,"column":6},"end":{"line":218,"column":null}},"type":"cond-expr","locations":[{"start":{"line":218,"column":31},"end":{"line":218,"column":67}},{"start":{"line":218,"column":67},"end":{"line":218,"column":null}}],"line":218},"20":{"loc":{"start":{"line":230,"column":2},"end":{"line":232,"column":null}},"type":"if","locations":[{"start":{"line":230,"column":2},"end":{"line":232,"column":null}},{"start":{},"end":{}}],"line":230},"21":{"loc":{"start":{"line":233,"column":2},"end":{"line":235,"column":null}},"type":"if","locations":[{"start":{"line":233,"column":2},"end":{"line":235,"column":null}},{"start":{},"end":{}}],"line":233},"22":{"loc":{"start":{"line":236,"column":2},"end":{"line":238,"column":null}},"type":"if","locations":[{"start":{"line":236,"column":2},"end":{"line":238,"column":null}},{"start":{},"end":{}}],"line":236},"23":{"loc":{"start":{"line":236,"column":6},"end":{"line":236,"column":51}},"type":"binary-expr","locations":[{"start":{"line":236,"column":6},"end":{"line":236,"column":30}},{"start":{"line":236,"column":30},"end":{"line":236,"column":51}}],"line":236},"24":{"loc":{"start":{"line":246,"column":9},"end":{"line":246,"column":null}},"type":"binary-expr","locations":[{"start":{"line":246,"column":9},"end":{"line":246,"column":19}},{"start":{"line":246,"column":19},"end":{"line":246,"column":null}}],"line":246},"25":{"loc":{"start":{"line":254,"column":2},"end":{"line":258,"column":null}},"type":"if","locations":[{"start":{"line":254,"column":2},"end":{"line":258,"column":null}},{"start":{},"end":{}}],"line":254},"26":{"loc":{"start":{"line":254,"column":6},"end":{"line":254,"column":55}},"type":"binary-expr","locations":[{"start":{"line":254,"column":6},"end":{"line":254,"column":20}},{"start":{"line":254,"column":20},"end":{"line":254,"column":55}}],"line":254},"27":{"loc":{"start":{"line":260,"column":2},"end":{"line":273,"column":null}},"type":"if","locations":[{"start":{"line":260,"column":2},"end":{"line":273,"column":null}},{"start":{},"end":{}}],"line":260},"28":{"loc":{"start":{"line":262,"column":4},"end":{"line":266,"column":null}},"type":"if","locations":[{"start":{"line":262,"column":4},"end":{"line":266,"column":null}},{"start":{},"end":{}}],"line":262},"29":{"loc":{"start":{"line":278,"column":4},"end":{"line":280,"column":null}},"type":"if","locations":[{"start":{"line":278,"column":4},"end":{"line":280,"column":null}},{"start":{},"end":{}}],"line":278},"30":{"loc":{"start":{"line":281,"column":4},"end":{"line":283,"column":null}},"type":"if","locations":[{"start":{"line":281,"column":4},"end":{"line":283,"column":null}},{"start":{},"end":{}}],"line":281},"31":{"loc":{"start":{"line":284,"column":4},"end":{"line":286,"column":null}},"type":"if","locations":[{"start":{"line":284,"column":4},"end":{"line":286,"column":null}},{"start":{},"end":{}}],"line":284},"32":{"loc":{"start":{"line":290,"column":2},"end":{"line":292,"column":null}},"type":"if","locations":[{"start":{"line":290,"column":2},"end":{"line":292,"column":null}},{"start":{},"end":{}}],"line":290},"33":{"loc":{"start":{"line":303,"column":2},"end":{"line":305,"column":null}},"type":"if","locations":[{"start":{"line":303,"column":2},"end":{"line":305,"column":null}},{"start":{},"end":{}}],"line":303},"34":{"loc":{"start":{"line":306,"column":2},"end":{"line":308,"column":null}},"type":"if","locations":[{"start":{"line":306,"column":2},"end":{"line":308,"column":null}},{"start":{},"end":{}}],"line":306},"35":{"loc":{"start":{"line":309,"column":2},"end":{"line":311,"column":null}},"type":"if","locations":[{"start":{"line":309,"column":2},"end":{"line":311,"column":null}},{"start":{},"end":{}}],"line":309},"36":{"loc":{"start":{"line":312,"column":2},"end":{"line":314,"column":null}},"type":"if","locations":[{"start":{"line":312,"column":2},"end":{"line":314,"column":null}},{"start":{},"end":{}}],"line":312},"37":{"loc":{"start":{"line":315,"column":2},"end":{"line":317,"column":null}},"type":"if","locations":[{"start":{"line":315,"column":2},"end":{"line":317,"column":null}},{"start":{},"end":{}}],"line":315},"38":{"loc":{"start":{"line":315,"column":6},"end":{"line":315,"column":63}},"type":"binary-expr","locations":[{"start":{"line":315,"column":6},"end":{"line":315,"column":35}},{"start":{"line":315,"column":35},"end":{"line":315,"column":63}}],"line":315},"39":{"loc":{"start":{"line":323,"column":2},"end":{"line":325,"column":null}},"type":"if","locations":[{"start":{"line":323,"column":2},"end":{"line":325,"column":null}},{"start":{},"end":{}}],"line":323},"40":{"loc":{"start":{"line":326,"column":2},"end":{"line":328,"column":null}},"type":"if","locations":[{"start":{"line":326,"column":2},"end":{"line":328,"column":null}},{"start":{},"end":{}}],"line":326},"41":{"loc":{"start":{"line":329,"column":2},"end":{"line":331,"column":null}},"type":"if","locations":[{"start":{"line":329,"column":2},"end":{"line":331,"column":null}},{"start":{},"end":{}}],"line":329},"42":{"loc":{"start":{"line":329,"column":6},"end":{"line":329,"column":63}},"type":"binary-expr","locations":[{"start":{"line":329,"column":6},"end":{"line":329,"column":35}},{"start":{"line":329,"column":35},"end":{"line":329,"column":63}}],"line":329},"43":{"loc":{"start":{"line":332,"column":2},"end":{"line":334,"column":null}},"type":"if","locations":[{"start":{"line":332,"column":2},"end":{"line":334,"column":null}},{"start":{},"end":{}}],"line":332},"44":{"loc":{"start":{"line":335,"column":2},"end":{"line":337,"column":null}},"type":"if","locations":[{"start":{"line":335,"column":2},"end":{"line":337,"column":null}},{"start":{},"end":{}}],"line":335},"45":{"loc":{"start":{"line":345,"column":2},"end":{"line":347,"column":null}},"type":"if","locations":[{"start":{"line":345,"column":2},"end":{"line":347,"column":null}},{"start":{},"end":{}}],"line":345},"46":{"loc":{"start":{"line":348,"column":2},"end":{"line":350,"column":null}},"type":"if","locations":[{"start":{"line":348,"column":2},"end":{"line":350,"column":null}},{"start":{},"end":{}}],"line":348},"47":{"loc":{"start":{"line":348,"column":6},"end":{"line":348,"column":50}},"type":"binary-expr","locations":[{"start":{"line":348,"column":6},"end":{"line":348,"column":29}},{"start":{"line":348,"column":29},"end":{"line":348,"column":50}}],"line":348},"48":{"loc":{"start":{"line":362,"column":24},"end":{"line":368,"column":null}},"type":"cond-expr","locations":[{"start":{"line":363,"column":6},"end":{"line":363,"column":null}},{"start":{"line":364,"column":6},"end":{"line":368,"column":null}}],"line":362},"49":{"loc":{"start":{"line":367,"column":15},"end":{"line":367,"column":null}},"type":"binary-expr","locations":[{"start":{"line":367,"column":15},"end":{"line":367,"column":33}},{"start":{"line":367,"column":33},"end":{"line":367,"column":null}}],"line":367},"50":{"loc":{"start":{"line":370,"column":2},"end":{"line":379,"column":null}},"type":"if","locations":[{"start":{"line":370,"column":2},"end":{"line":379,"column":null}},{"start":{},"end":{}}],"line":370},"51":{"loc":{"start":{"line":376,"column":6},"end":{"line":376,"column":null}},"type":"cond-expr","locations":[{"start":{"line":376,"column":16},"end":{"line":376,"column":37}},{"start":{"line":376,"column":37},"end":{"line":376,"column":null}}],"line":376},"52":{"loc":{"start":{"line":381,"column":16},"end":{"line":383,"column":null}},"type":"cond-expr","locations":[{"start":{"line":382,"column":6},"end":{"line":382,"column":null}},{"start":{"line":383,"column":6},"end":{"line":383,"column":null}}],"line":381},"53":{"loc":{"start":{"line":385,"column":15},"end":{"line":387,"column":null}},"type":"cond-expr","locations":[{"start":{"line":386,"column":6},"end":{"line":386,"column":null}},{"start":{"line":387,"column":6},"end":{"line":387,"column":null}}],"line":385},"54":{"loc":{"start":{"line":389,"column":2},"end":{"line":394,"column":null}},"type":"if","locations":[{"start":{"line":389,"column":2},"end":{"line":394,"column":null}},{"start":{},"end":{}}],"line":389},"55":{"loc":{"start":{"line":389,"column":6},"end":{"line":389,"column":47}},"type":"binary-expr","locations":[{"start":{"line":389,"column":6},"end":{"line":389,"column":16}},{"start":{"line":389,"column":16},"end":{"line":389,"column":47}}],"line":389},"56":{"loc":{"start":{"line":396,"column":2},"end":{"line":401,"column":null}},"type":"if","locations":[{"start":{"line":396,"column":2},"end":{"line":401,"column":null}},{"start":{},"end":{}}],"line":396},"57":{"loc":{"start":{"line":396,"column":6},"end":{"line":396,"column":44}},"type":"binary-expr","locations":[{"start":{"line":396,"column":6},"end":{"line":396,"column":15}},{"start":{"line":396,"column":15},"end":{"line":396,"column":44}}],"line":396},"58":{"loc":{"start":{"line":414,"column":33},"end":{"line":414,"column":43}},"type":"binary-expr","locations":[{"start":{"line":414,"column":33},"end":{"line":414,"column":41}},{"start":{"line":414,"column":41},"end":{"line":414,"column":43}}],"line":414},"59":{"loc":{"start":{"line":421,"column":6},"end":{"line":427,"column":null}},"type":"if","locations":[{"start":{"line":421,"column":6},"end":{"line":427,"column":null}},{"start":{"line":423,"column":6},"end":{"line":427,"column":null}}],"line":421},"60":{"loc":{"start":{"line":423,"column":6},"end":{"line":427,"column":null}},"type":"if","locations":[{"start":{"line":423,"column":6},"end":{"line":427,"column":null}},{"start":{"line":425,"column":6},"end":{"line":427,"column":null}}],"line":423},"61":{"loc":{"start":{"line":425,"column":6},"end":{"line":427,"column":null}},"type":"if","locations":[{"start":{"line":425,"column":6},"end":{"line":427,"column":null}},{"start":{},"end":{}}],"line":425},"62":{"loc":{"start":{"line":443,"column":4},"end":{"line":445,"column":null}},"type":"if","locations":[{"start":{"line":443,"column":4},"end":{"line":445,"column":null}},{"start":{},"end":{}}],"line":443},"63":{"loc":{"start":{"line":446,"column":4},"end":{"line":448,"column":null}},"type":"if","locations":[{"start":{"line":446,"column":4},"end":{"line":448,"column":null}},{"start":{},"end":{}}],"line":446},"64":{"loc":{"start":{"line":453,"column":4},"end":{"line":455,"column":null}},"type":"if","locations":[{"start":{"line":453,"column":4},"end":{"line":455,"column":null}},{"start":{},"end":{}}],"line":453},"65":{"loc":{"start":{"line":453,"column":8},"end":{"line":453,"column":41}},"type":"binary-expr","locations":[{"start":{"line":453,"column":8},"end":{"line":453,"column":21}},{"start":{"line":453,"column":21},"end":{"line":453,"column":41}}],"line":453}},"s":{"0":16,"1":16,"2":33,"3":33,"4":1,"5":32,"6":100,"7":100,"8":0,"9":100,"10":100,"11":33,"12":33,"13":28,"14":28,"15":28,"16":28,"17":10,"18":28,"19":10,"20":28,"21":10,"22":28,"23":70,"24":28,"25":10,"26":28,"27":6,"28":11,"29":6,"30":6,"31":1,"32":5,"33":4,"34":10,"35":2,"36":11,"37":4,"38":4,"39":4,"40":0,"41":4,"42":0,"43":4,"44":4,"45":24,"46":1,"47":4,"48":7,"49":11,"50":11,"51":11,"52":11,"53":34,"54":34,"55":11,"56":10,"57":1,"58":0,"59":0,"60":1,"61":4,"62":4,"63":1,"64":0,"65":1,"66":4,"67":5,"68":4,"69":1,"70":1,"71":0,"72":0,"73":1,"74":45,"75":45,"76":45,"77":45,"78":18,"79":45,"80":18,"81":45,"82":18,"83":45,"84":4,"85":4,"86":7,"87":19,"88":7,"89":7,"90":1,"91":6,"92":2,"93":5,"94":2,"95":1,"96":3,"97":1,"98":4,"99":2,"100":2,"101":2,"102":0,"103":2,"104":2,"105":0,"106":0,"107":0,"108":4,"109":0,"110":4,"111":34,"112":34,"113":15,"114":19,"115":0,"116":19,"117":0,"118":19,"119":0,"120":19,"121":0,"122":19,"123":42,"124":42,"125":17,"126":25,"127":0,"128":25,"129":0,"130":25,"131":0,"132":25,"133":0,"134":25,"135":20,"136":20,"137":20,"138":20,"139":6,"140":20,"141":6,"142":20,"143":7,"144":20,"145":0,"146":7,"147":2,"148":4,"149":10,"150":4,"151":10,"152":4,"153":7,"154":1,"155":0,"156":1,"157":6,"158":1,"159":9,"160":7,"161":2,"162":13,"163":7,"164":0,"165":0,"166":6,"167":0,"168":0,"169":6,"170":10,"171":10,"172":13,"173":51,"174":13,"175":13,"176":38,"177":38,"178":13,"179":25,"180":13,"181":12,"182":12,"183":13,"184":9,"185":9,"186":15,"187":1,"188":14,"189":0,"190":14,"191":9,"192":13,"193":1,"194":12,"195":9,"196":0,"197":0,"198":0,"199":0,"200":0,"201":0},"f":{"0":16,"1":33,"2":100,"3":100,"4":33,"5":28,"6":70,"7":6,"8":11,"9":4,"10":10,"11":11,"12":4,"13":7,"14":11,"15":11,"16":34,"17":0,"18":4,"19":4,"20":5,"21":4,"22":1,"23":0,"24":45,"25":4,"26":7,"27":19,"28":5,"29":3,"30":2,"31":34,"32":42,"33":20,"34":7,"35":20,"36":0,"37":2,"38":4,"39":10,"40":10,"41":0,"42":1,"43":9,"44":2,"45":13,"46":0,"47":0,"48":10,"49":13,"50":51,"51":9,"52":15,"53":0,"54":0,"55":0,"56":0},"b":{"0":[1,32],"1":[0,100],"2":[10,18],"3":[10,18],"4":[10,18],"5":[28,18],"6":[10,18],"7":[1,5],"8":[6,6],"9":[0,4],"10":[0,4],"11":[4,4],"12":[1,23],"13":[34,25],"14":[10,1],"15":[0,1],"16":[4,4,4,4],"17":[0,1],"18":[0,1],"19":[1,0],"20":[18,27],"21":[18,27],"22":[18,27],"23":[45,27],"24":[4,0],"25":[1,6],"26":[7,7],"27":[2,4],"28":[1,1],"29":[0,2],"30":[2,0],"31":[0,0],"32":[0,4],"33":[15,19],"34":[0,19],"35":[0,19],"36":[0,19],"37":[0,19],"38":[19,19],"39":[17,25],"40":[0,25],"41":[0,25],"42":[25,0],"43":[0,25],"44":[0,25],"45":[6,14],"46":[6,14],"47":[20,14],"48":[2,5],"49":[4,4],"50":[1,6],"51":[0,1],"52":[1,5],"53":[1,5],"54":[0,7],"55":[7,6],"56":[0,6],"57":[6,6],"58":[13,0],"59":[13,25],"60":[13,12],"61":[12,0],"62":[1,14],"63":[0,14],"64":[1,12],"65":[13,13]},"meta":{"lastBranch":66,"lastFunction":57,"lastStatement":202,"seen":{"f:46:16:46:36":0,"s:47:8:47:Infinity":0,"s:48:2:74:Infinity":1,"f:49:9:49:10":1,"s:50:12:50:Infinity":2,"b:51:6:53:Infinity:undefined:undefined:undefined:undefined":0,"s:51:6:53:Infinity":3,"s:52:8:52:Infinity":4,"s:55:12:66:Infinity":5,"f:56:13:56:14":2,"s:57:16:57:Infinity":6,"b:58:10:60:Infinity:undefined:undefined:undefined:undefined":1,"s:58:10:60:Infinity":7,"s:59:12:59:Infinity":8,"s:61:10:64:Infinity":9,"f:66:16:66:17":3,"s:66:45:66:58":10,"s:68:6:72:Infinity":11,"f:74:12:74:13":4,"s:74:40:74:53":12,"f:77:9:77:27":5,"s:78:8:78:Infinity":13,"s:79:8:79:Infinity":14,"s:80:14:80:Infinity":15,"b:82:2:84:Infinity:undefined:undefined:undefined:undefined":2,"s:82:2:84:Infinity":16,"s:83:4:83:Infinity":17,"b:85:2:87:Infinity:undefined:undefined:undefined:undefined":3,"s:85:2:87:Infinity":18,"s:86:4:86:Infinity":19,"b:88:2:90:Infinity:undefined:undefined:undefined:undefined":4,"s:88:2:90:Infinity":20,"b:88:6:88:31:88:31:88:54":5,"s:89:4:89:Infinity":21,"s:92:17:92:Infinity":22,"f:92:49:92:50":6,"s:92:59:92:68":23,"b:93:2:95:Infinity:undefined:undefined:undefined:undefined":6,"s:93:2:95:Infinity":24,"s:94:4:94:Infinity":25,"s:97:2:97:Infinity":26,"f:100:16:100:33":7,"s:101:17:101:Infinity":27,"f:101:37:101:38":8,"s:101:47:101:90":28,"s:102:19:102:Infinity":29,"b:104:2:109:Infinity:undefined:undefined:undefined:undefined":7,"s:104:2:109:Infinity":30,"b:104:6:104:19:104:19:104:53":8,"s:105:4:108:Infinity":31,"s:111:2:111:Infinity":32,"f:114:16:114:33":9,"s:115:2:118:Infinity":33,"f:115:29:115:30":10,"s:115:40:118:4":34,"s:121:26:121:Infinity":35,"f:123:9:123:25":11,"s:124:2:124:Infinity":36,"f:127:9:127:24":12,"s:128:8:128:Infinity":37,"s:129:8:129:Infinity":38,"b:130:2:132:Infinity:undefined:undefined:undefined:undefined":9,"s:130:2:132:Infinity":39,"s:131:4:131:Infinity":40,"b:133:2:135:Infinity:undefined:undefined:undefined:undefined":10,"s:133:2:135:Infinity":41,"b:133:6:133:23:133:23:133:38":11,"s:134:4:134:Infinity":42,"s:137:15:137:Infinity":43,"s:138:2:142:Infinity":44,"b:139:4:141:Infinity:undefined:undefined:undefined:undefined":12,"s:139:4:141:Infinity":45,"s:140:6:140:Infinity":46,"s:143:2:143:Infinity":47,"f:146:16:146:30":13,"s:147:2:147:Infinity":48,"f:147:20:147:21":14,"s:147:30:147:66":49,"f:150:9:150:27":15,"s:151:8:151:Infinity":50,"s:152:8:152:Infinity":51,"s:154:16:157:Infinity":52,"f:154:35:154:36":16,"s:155:10:155:Infinity":53,"s:156:4:156:Infinity":54,"b:156:11:156:49:156:49:156:Infinity":13,"b:159:2:165:Infinity:undefined:undefined:undefined:undefined":14,"s:159:2:165:Infinity":55,"s:160:4:164:Infinity":56,"b:167:2:177:Infinity:undefined:undefined:undefined:undefined":15,"s:167:2:177:Infinity":57,"s:168:4:176:Infinity":58,"f:171:37:171:38":17,"s:171:48:171:78":59,"s:179:18:183:Infinity":60,"f:179:37:179:38":18,"s:180:10:180:Infinity":61,"s:181:4:182:Infinity":62,"b:181:11:181:55:181:55:181:Infinity:182:6:182:48:182:48:182:Infinity":16,"b:185:2:191:Infinity:undefined:undefined:undefined:undefined":17,"s:185:2:191:Infinity":63,"s:186:4:190:Infinity":64,"s:193:22:201:Infinity":65,"f:194:9:194:10":19,"s:194:21:197:6":66,"f:198:10:198:11":20,"s:198:20:198:37":67,"f:200:12:200:13":21,"s:200:23:200:38":68,"f:201:9:201:10":22,"s:201:20:201:50":69,"b:203:2:213:Infinity:undefined:undefined:undefined:undefined":18,"s:203:2:213:Infinity":70,"s:204:4:212:Infinity":71,"f:207:39:207:40":23,"s:207:50:207:80":72,"s:215:2:223:Infinity":73,"b:218:31:218:67:218:67:218:Infinity":19,"f:226:9:226:27":24,"s:227:8:227:Infinity":74,"s:228:8:228:Infinity":75,"s:229:14:229:Infinity":76,"b:230:2:232:Infinity:undefined:undefined:undefined:undefined":20,"s:230:2:232:Infinity":77,"s:231:4:231:Infinity":78,"b:233:2:235:Infinity:undefined:undefined:undefined:undefined":21,"s:233:2:235:Infinity":79,"s:234:4:234:Infinity":80,"b:236:2:238:Infinity:undefined:undefined:undefined:undefined":22,"s:236:2:238:Infinity":81,"b:236:6:236:30:236:30:236:51":23,"s:237:4:237:Infinity":82,"s:239:2:239:Infinity":83,"f:242:9:242:24":25,"s:243:17:243:Infinity":84,"s:244:2:247:Infinity":85,"b:246:9:246:19:246:19:246:Infinity":24,"f:250:16:250:34":26,"s:251:17:251:Infinity":86,"f:251:37:251:38":27,"s:251:47:251:90":87,"s:252:20:252:Infinity":88,"b:254:2:258:Infinity:undefined:undefined:undefined:undefined":25,"s:254:2:258:Infinity":89,"b:254:6:254:20:254:20:254:55":26,"s:255:4:257:Infinity":90,"b:260:2:273:Infinity:undefined:undefined:undefined:undefined":27,"s:260:2:273:Infinity":91,"s:261:20:261:Infinity":92,"f:261:41:261:42":28,"s:261:51:261:77":93,"b:262:4:266:Infinity:undefined:undefined:undefined:undefined":28,"s:262:4:266:Infinity":94,"s:263:6:265:Infinity":95,"f:264:54:264:55":29,"s:264:64:264:92":96,"s:268:4:272:Infinity":97,"s:275:17:288:Infinity":98,"f:275:43:275:44":30,"s:276:15:276:Infinity":99,"s:277:15:277:Infinity":100,"b:278:4:280:Infinity:undefined:undefined:undefined:undefined":29,"s:278:4:280:Infinity":101,"s:279:6:279:Infinity":102,"b:281:4:283:Infinity:undefined:undefined:undefined:undefined":30,"s:281:4:283:Infinity":103,"s:282:6:282:Infinity":104,"b:284:4:286:Infinity:undefined:undefined:undefined:undefined":31,"s:284:4:286:Infinity":105,"s:285:6:285:Infinity":106,"s:287:4:287:Infinity":107,"b:290:2:292:Infinity:undefined:undefined:undefined:undefined":32,"s:290:2:292:Infinity":108,"s:291:4:291:Infinity":109,"s:294:2:298:Infinity":110,"f:301:9:301:22":31,"s:302:8:302:Infinity":111,"b:303:2:305:Infinity:undefined:undefined:undefined:undefined":33,"s:303:2:305:Infinity":112,"s:304:4:304:Infinity":113,"b:306:2:308:Infinity:undefined:undefined:undefined:undefined":34,"s:306:2:308:Infinity":114,"s:307:4:307:Infinity":115,"b:309:2:311:Infinity:undefined:undefined:undefined:undefined":35,"s:309:2:311:Infinity":116,"s:310:4:310:Infinity":117,"b:312:2:314:Infinity:undefined:undefined:undefined:undefined":36,"s:312:2:314:Infinity":118,"s:313:4:313:Infinity":119,"b:315:2:317:Infinity:undefined:undefined:undefined:undefined":37,"s:315:2:317:Infinity":120,"b:315:6:315:35:315:35:315:63":38,"s:316:4:316:Infinity":121,"s:318:2:318:Infinity":122,"f:321:9:321:21":32,"s:322:8:322:Infinity":123,"b:323:2:325:Infinity:undefined:undefined:undefined:undefined":39,"s:323:2:325:Infinity":124,"s:324:4:324:Infinity":125,"b:326:2:328:Infinity:undefined:undefined:undefined:undefined":40,"s:326:2:328:Infinity":126,"s:327:4:327:Infinity":127,"b:329:2:331:Infinity:undefined:undefined:undefined:undefined":41,"s:329:2:331:Infinity":128,"b:329:6:329:35:329:35:329:63":42,"s:330:4:330:Infinity":129,"b:332:2:334:Infinity:undefined:undefined:undefined:undefined":43,"s:332:2:334:Infinity":130,"s:333:4:333:Infinity":131,"b:335:2:337:Infinity:undefined:undefined:undefined:undefined":44,"s:335:2:337:Infinity":132,"s:336:4:336:Infinity":133,"s:338:2:338:Infinity":134,"f:341:9:341:26":33,"s:342:8:342:Infinity":135,"s:343:8:343:Infinity":136,"s:344:14:344:Infinity":137,"b:345:2:347:Infinity:undefined:undefined:undefined:undefined":45,"s:345:2:347:Infinity":138,"s:346:4:346:Infinity":139,"b:348:2:350:Infinity:undefined:undefined:undefined:undefined":46,"s:348:2:350:Infinity":140,"b:348:6:348:29:348:29:348:50":47,"s:349:4:349:Infinity":141,"s:351:2:351:Infinity":142,"f:354:16:354:Infinity":34,"s:358:21:360:Infinity":143,"f:359:12:359:13":35,"s:359:26:359:56":144,"f:360:10:360:11":36,"s:360:20:360:61":145,"s:362:24:368:Infinity":146,"b:363:6:363:Infinity:364:6:368:Infinity":48,"f:363:22:363:23":37,"s:363:36:363:69":147,"f:364:22:364:23":38,"s:365:27:365:Infinity":148,"f:365:58:365:59":39,"s:365:68:365:91":149,"s:366:26:366:Infinity":150,"f:366:57:366:58":40,"s:366:67:366:89":151,"s:367:8:367:Infinity":152,"b:367:15:367:33:367:33:367:Infinity":49,"b:370:2:379:Infinity:undefined:undefined:undefined:undefined":50,"s:370:2:379:Infinity":153,"s:371:20:374:Infinity":154,"f:373:11:373:12":41,"s:373:25:373:58":155,"s:375:4:378:Infinity":156,"b:376:16:376:37:376:37:376:Infinity":51,"s:381:16:383:Infinity":157,"b:382:6:382:Infinity:383:6:383:Infinity":52,"f:382:31:382:32":42,"s:382:41:382:74":158,"f:383:36:383:37":43,"s:383:46:383:89":159,"s:385:15:387:Infinity":160,"b:386:6:386:Infinity:387:6:387:Infinity":53,"f:386:31:386:32":44,"s:386:41:386:73":161,"f:387:36:387:37":45,"s:387:46:387:87":162,"b:389:2:394:Infinity:undefined:undefined:undefined:undefined":54,"s:389:2:394:Infinity":163,"b:389:6:389:16:389:16:389:47":55,"s:390:4:393:Infinity":164,"f:391:75:391:76":46,"s:391:85:391:112":165,"b:396:2:401:Infinity:undefined:undefined:undefined:undefined":56,"s:396:2:401:Infinity":166,"b:396:6:396:15:396:15:396:44":57,"s:397:4:400:Infinity":167,"f:398:75:398:76":47,"s:398:85:398:112":168,"s:403:2:408:Infinity":169,"f:411:16:411:34":48,"s:412:8:412:Infinity":170,"s:413:2:436:Infinity":171,"f:413:20:413:21":49,"s:414:18:414:Infinity":172,"b:414:33:414:41:414:41:414:43":58,"f:414:52:414:53":50,"s:414:63:414:82":173,"s:415:41:415:Infinity":174,"s:419:4:428:Infinity":175,"s:420:28:420:Infinity":176,"b:421:6:427:Infinity:423:6:427:Infinity":59,"s:421:6:427:Infinity":177,"s:422:8:422:Infinity":178,"b:423:6:427:Infinity:425:6:427:Infinity":60,"s:423:6:427:Infinity":179,"s:424:8:424:Infinity":180,"b:425:6:427:Infinity:undefined:undefined:undefined:undefined":61,"s:425:6:427:Infinity":181,"s:426:8:426:Infinity":182,"s:430:4:435:Infinity":183,"f:439:16:439:29":51,"s:440:14:440:Infinity":184,"s:442:19:450:Infinity":185,"f:442:33:442:34":52,"b:443:4:445:Infinity:undefined:undefined:undefined:undefined":62,"s:443:4:445:Infinity":186,"s:444:6:444:Infinity":187,"b:446:4:448:Infinity:undefined:undefined:undefined:undefined":63,"s:446:4:448:Infinity":188,"s:447:6:447:Infinity":189,"s:449:4:449:Infinity":190,"s:452:2:457:Infinity":191,"b:453:4:455:Infinity:undefined:undefined:undefined:undefined":64,"s:453:4:455:Infinity":192,"b:453:8:453:21:453:21:453:41":65,"s:454:6:454:Infinity":193,"s:456:4:456:Infinity":194,"s:459:2:459:Infinity":195,"f:462:16:462:39":53,"s:463:19:469:Infinity":196,"f:464:12:464:13":54,"s:464:26:464:55":197,"f:466:9:466:10":55,"s:467:21:467:Infinity":198,"f:467:52:467:53":56,"s:467:62:467:89":199,"s:468:6:468:Infinity":200,"s:471:2:471:Infinity":201}}}
,"/Users/aa00037-tanaka/conductor/workspaces/estat-city-report/little-rock/src/estat/report-data.ts": {"path":"/Users/aa00037-tanaka/conductor/workspaces/estat-city-report/little-rock/src/estat/report-data.ts","statementMap":{"0":{"start":{"line":49,"column":19},"end":{"line":54,"column":null}},"1":{"start":{"line":56,"column":8},"end":{"line":56,"column":null}},"2":{"start":{"line":57,"column":2},"end":{"line":57,"column":null}},"3":{"start":{"line":61,"column":8},"end":{"line":61,"column":null}},"4":{"start":{"line":62,"column":2},"end":{"line":67,"column":null}},"5":{"start":{"line":63,"column":4},"end":{"line":66,"column":null}},"6":{"start":{"line":69,"column":8},"end":{"line":69,"column":null}},"7":{"start":{"line":70,"column":8},"end":{"line":70,"column":null}},"8":{"start":{"line":71,"column":8},"end":{"line":71,"column":null}},"9":{"start":{"line":72,"column":8},"end":{"line":72,"column":null}},"10":{"start":{"line":73,"column":8},"end":{"line":73,"column":null}},"11":{"start":{"line":75,"column":20},"end":{"line":75,"column":null}},"12":{"start":{"line":75,"column":41},"end":{"line":75,"column":50}},"13":{"start":{"line":77,"column":30},"end":{"line":94,"column":null}},"14":{"start":{"line":96,"column":19},"end":{"line":116,"column":null}},"15":{"start":{"line":97,"column":18},"end":{"line":97,"column":null}},"16":{"start":{"line":98,"column":17},"end":{"line":98,"column":null}},"17":{"start":{"line":100,"column":4},"end":{"line":106,"column":null}},"18":{"start":{"line":101,"column":6},"end":{"line":105,"column":null}},"19":{"start":{"line":108,"column":4},"end":{"line":115,"column":null}},"20":{"start":{"line":118,"column":22},"end":{"line":118,"column":null}},"21":{"start":{"line":118,"column":51},"end":{"line":118,"column":68}},"22":{"start":{"line":119,"column":22},"end":{"line":119,"column":null}},"23":{"start":{"line":119,"column":51},"end":{"line":119,"column":68}},"24":{"start":{"line":121,"column":28},"end":{"line":125,"column":null}},"25":{"start":{"line":121,"column":51},"end":{"line":125,"column":4}},"26":{"start":{"line":123,"column":44},"end":{"line":123,"column":71}},"27":{"start":{"line":124,"column":44},"end":{"line":124,"column":71}},"28":{"start":{"line":127,"column":2},"end":{"line":134,"column":null}},"29":{"start":{"line":145,"column":2},"end":{"line":166,"column":null}},"30":{"start":{"line":146,"column":41},"end":{"line":159,"column":null}},"31":{"start":{"line":161,"column":4},"end":{"line":165,"column":null}}},"fnMap":{"0":{"name":"fetchMetricByArea","decl":{"start":{"line":41,"column":15},"end":{"line":41,"column":33}},"loc":{"start":{"line":48,"column":33},"end":{"line":58,"column":null}},"line":48},"1":{"name":"buildReportData","decl":{"start":{"line":60,"column":22},"end":{"line":60,"column":38}},"loc":{"start":{"line":60,"column":91},"end":{"line":135,"column":null}},"line":60},"2":{"name":"(anonymous_2)","decl":{"start":{"line":75,"column":31},"end":{"line":75,"column":32}},"loc":{"start":{"line":75,"column":41},"end":{"line":75,"column":50}},"line":75},"3":{"name":"(anonymous_3)","decl":{"start":{"line":96,"column":30},"end":{"line":96,"column":31}},"loc":{"start":{"line":96,"column":40},"end":{"line":116,"column":3}},"line":96},"4":{"name":"(anonymous_4)","decl":{"start":{"line":118,"column":41},"end":{"line":118,"column":42}},"loc":{"start":{"line":118,"column":51},"end":{"line":118,"column":68}},"line":118},"5":{"name":"(anonymous_5)","decl":{"start":{"line":119,"column":41},"end":{"line":119,"column":42}},"loc":{"start":{"line":119,"column":51},"end":{"line":119,"column":68}},"line":119},"6":{"name":"(anonymous_6)","decl":{"start":{"line":121,"column":41},"end":{"line":121,"column":42}},"loc":{"start":{"line":121,"column":51},"end":{"line":125,"column":4}},"line":121},"7":{"name":"(anonymous_7)","decl":{"start":{"line":123,"column":37},"end":{"line":123,"column":38}},"loc":{"start":{"line":123,"column":44},"end":{"line":123,"column":71}},"line":123},"8":{"name":"(anonymous_8)","decl":{"start":{"line":124,"column":37},"end":{"line":124,"column":38}},"loc":{"start":{"line":124,"column":44},"end":{"line":124,"column":71}},"line":124},"9":{"name":"toScoringInput","decl":{"start":{"line":140,"column":16},"end":{"line":140,"column":null}},"loc":{"start":{"line":144,"column":33},"end":{"line":167,"column":null}},"line":144},"10":{"name":"(anonymous_10)","decl":{"start":{"line":145,"column":25},"end":{"line":145,"column":26}},"loc":{"start":{"line":145,"column":34},"end":{"line":166,"column":3}},"line":145}},"branchMap":{"0":{"loc":{"start":{"line":62,"column":2},"end":{"line":67,"column":null}},"type":"if","locations":[{"start":{"line":62,"column":2},"end":{"line":67,"column":null}},{"start":{},"end":{}}],"line":62},"1":{"loc":{"start":{"line":100,"column":4},"end":{"line":106,"column":null}},"type":"if","locations":[{"start":{"line":100,"column":4},"end":{"line":106,"column":null}},{"start":{},"end":{}}],"line":100},"2":{"loc":{"start":{"line":100,"column":8},"end":{"line":100,"column":51}},"type":"binary-expr","locations":[{"start":{"line":100,"column":8},"end":{"line":100,"column":31}},{"start":{"line":100,"column":31},"end":{"line":100,"column":51}}],"line":100},"3":{"loc":{"start":{"line":114,"column":13},"end":{"line":114,"column":null}},"type":"cond-expr","locations":[{"start":{"line":114,"column":26},"end":{"line":114,"column":48}},{"start":{"line":114,"column":48},"end":{"line":114,"column":null}}],"line":114}},"s":{"0":6,"1":6,"2":6,"3":3,"4":3,"5":0,"6":3,"7":3,"8":3,"9":3,"10":3,"11":3,"12":5,"13":3,"14":3,"15":5,"16":5,"17":5,"18":0,"19":5,"20":3,"21":2,"22":3,"23":2,"24":3,"25":5,"26":7,"27":7,"28":3,"29":0,"30":0,"31":0},"f":{"0":6,"1":3,"2":5,"3":5,"4":2,"5":2,"6":5,"7":7,"8":7,"9":0,"10":0},"b":{"0":[0,3],"1":[0,5],"2":[5,5],"3":[5,0]},"meta":{"lastBranch":4,"lastFunction":11,"lastStatement":32,"seen":{"f:41:15:41:33":0,"s:49:19:54:Infinity":0,"s:56:8:56:Infinity":1,"s:57:2:57:Infinity":2,"f:60:22:60:38":1,"s:61:8:61:Infinity":3,"b:62:2:67:Infinity:undefined:undefined:undefined:undefined":0,"s:62:2:67:Infinity":4,"s:63:4:66:Infinity":5,"s:69:8:69:Infinity":6,"s:70:8:70:Infinity":7,"s:71:8:71:Infinity":8,"s:72:8:72:Infinity":9,"s:73:8:73:Infinity":10,"s:75:20:75:Infinity":11,"f:75:31:75:32":2,"s:75:41:75:50":12,"s:77:30:94:Infinity":13,"s:96:19:116:Infinity":14,"f:96:30:96:31":3,"s:97:18:97:Infinity":15,"s:98:17:98:Infinity":16,"b:100:4:106:Infinity:undefined:undefined:undefined:undefined":1,"s:100:4:106:Infinity":17,"b:100:8:100:31:100:31:100:51":2,"s:101:6:105:Infinity":18,"s:108:4:115:Infinity":19,"b:114:26:114:48:114:48:114:Infinity":3,"s:118:22:118:Infinity":20,"f:118:41:118:42":4,"s:118:51:118:68":21,"s:119:22:119:Infinity":22,"f:119:41:119:42":5,"s:119:51:119:68":23,"s:121:28:125:Infinity":24,"f:121:41:121:42":6,"s:121:51:125:4":25,"f:123:37:123:38":7,"s:123:44:123:71":26,"f:124:37:124:38":8,"s:124:44:124:71":27,"s:127:2:134:Infinity":28,"f:140:16:140:Infinity":9,"s:145:2:166:Infinity":29,"f:145:25:145:26":10,"s:146:41:159:Infinity":30,"s:161:4:165:Infinity":31}}}
[...]
,"/Users/aa00037-tanaka/conductor/workspaces/estat-city-report/little-rock/src/scoring/index.ts": {"path":"/Users/aa00037-tanaka/conductor/workspaces/estat-city-report/little-rock/src/scoring/index.ts","statementMap":{"0":{"start":{"line":23,"column":23},"end":{"line":23,"column":null}},"1":{"start":{"line":24,"column":2},"end":{"line":26,"column":null}},"2":{"start":{"line":25,"column":4},"end":{"line":25,"column":null}},"3":{"start":{"line":28,"column":2},"end":{"line":41,"column":null}},"4":{"start":{"line":29,"column":19},"end":{"line":35,"column":null}},"5":{"start":{"line":30,"column":24},"end":{"line":30,"column":null}},"6":{"start":{"line":30,"column":52},"end":{"line":30,"column":76}},"7":{"start":{"line":31,"column":6},"end":{"line":34,"column":null}},"8":{"start":{"line":37,"column":10},"end":{"line":37,"column":null}},"9":{"start":{"line":38,"column":4},"end":{"line":40,"column":null}},"10":{"start":{"line":39,"column":6},"end":{"line":39,"column":null}},"11":{"start":{"line":44,"column":25},"end":{"line":44,"column":null}},"12":{"start":{"line":45,"column":2},"end":{"line":47,"column":null}},"13":{"start":{"line":46,"column":4},"end":{"line":46,"column":null}},"14":{"start":{"line":49,"column":2},"end":{"line":62,"column":null}},"15":{"start":{"line":50,"column":22},"end":{"line":52,"column":null}},"16":{"start":{"line":51,"column":21},"end":{"line":51,"column":84}},"17":{"start":{"line":51,"column":49},"end":{"line":51,"column":73}},"18":{"start":{"line":52,"column":34},"end":{"line":52,"column":44}},"19":{"start":{"line":54,"column":4},"end":{"line":61,"column":null}},"20":{"start":{"line":55,"column":24},"end":{"line":55,"column":null}},"21":{"start":{"line":55,"column":52},"end":{"line":55,"column":76}},"22":{"start":{"line":56,"column":6},"end":{"line":58,"column":null}},"23":{"start":{"line":57,"column":8},"end":{"line":57,"column":null}},"24":{"start":{"line":59,"column":12},"end":{"line":59,"column":null}},"25":{"start":{"line":60,"column":6},"end":{"line":60,"column":null}},"26":{"start":{"line":65,"column":37},"end":{"line":121,"column":null}},"27":{"start":{"line":66,"column":23},"end":{"line":66,"column":null}},"28":{"start":{"line":67,"column":25},"end":{"line":67,"column":null}},"29":{"start":{"line":69,"column":25},"end":{"line":71,"column":null}},"30":{"start":{"line":70,"column":33},"end":{"line":70,"column":null}},"31":{"start":{"line":73,"column":27},"end":{"line":80,"column":null}},"32":{"start":{"line":74,"column":38},"end":{"line":79,"column":null}},"33":{"start":{"line":82,"column":10},"end":{"line":82,"column":null}},"34":{"start":{"line":85,"column":22},"end":{"line":87,"column":null}},"35":{"start":{"line":86,"column":18},"end":{"line":86,"column":28}},"36":{"start":{"line":88,"column":23},"end":{"line":88,"column":null}},"37":{"start":{"line":89,"column":28},"end":{"line":89,"column":null}},"38":{"start":{"line":90,"column":32},"end":{"line":92,"column":null}},"39":{"start":{"line":91,"column":13},"end":{"line":91,"column":null}},"40":{"start":{"line":94,"column":6},"end":{"line":96,"column":null}},"41":{"start":{"line":98,"column":10},"end":{"line":102,"column":null}},"42":{"start":{"line":104,"column":28},"end":{"line":104,"column":null}},"43":{"start":{"line":105,"column":4},"end":{"line":109,"column":null}},"44":{"start":{"line":106,"column":6},"end":{"line":108,"column":null}},"45":{"start":{"line":111,"column":4},"end":{"line":120,"column":null}},"46":{"start":{"line":124,"column":17},"end":{"line":126,"column":null}},"47":{"start":{"line":125,"column":14},"end":{"line":125,"column":null}},"48":{"start":{"line":128,"column":2},"end":{"line":131,"column":null}},"49":{"start":{"line":128,"column":29},"end":{"line":131,"column":4}},"50":{"start":{"line":130,"column":34},"end":{"line":130,"column":59}}},"fnMap":{"0":{"name":"scoreCities","decl":{"start":{"line":17,"column":16},"end":{"line":17,"column":null}},"loc":{"start":{"line":21,"column":34},"end":{"line":132,"column":null}},"line":21},"1":{"name":"(anonymous_1)","decl":{"start":{"line":29,"column":30},"end":{"line":29,"column":31}},"loc":{"start":{"line":29,"column":40},"end":{"line":35,"column":5}},"line":29},"2":{"name":"(anonymous_2)","decl":{"start":{"line":30,"column":45},"end":{"line":30,"column":46}},"loc":{"start":{"line":30,"column":52},"end":{"line":30,"column":76}},"line":30},"3":{"name":"(anonymous_3)","decl":{"start":{"line":51,"column":11},"end":{"line":51,"column":12}},"loc":{"start":{"line":51,"column":21},"end":{"line":51,"column":84}},"line":51},"4":{"name":"(anonymous_4)","decl":{"start":{"line":51,"column":42},"end":{"line":51,"column":43}},"loc":{"start":{"line":51,"column":49},"end":{"line":51,"column":73}},"line":51},"5":{"name":"(anonymous_5)","decl":{"start":{"line":52,"column":14},"end":{"line":52,"column":15}},"loc":{"start":{"line":52,"column":34},"end":{"line":52,"column":44}},"line":52},"6":{"name":"(anonymous_6)","decl":{"start":{"line":55,"column":45},"end":{"line":55,"column":46}},"loc":{"start":{"line":55,"column":52},"end":{"line":55,"column":76}},"line":55},"7":{"name":"(anonymous_7)","decl":{"start":{"line":65,"column":48},"end":{"line":65,"column":49}},"loc":{"start":{"line":65,"column":58},"end":{"line":121,"column":3}},"line":65},"8":{"name":"(anonymous_8)","decl":{"start":{"line":70,"column":6},"end":{"line":70,"column":7}},"loc":{"start":{"line":70,"column":33},"end":{"line":70,"column":null}},"line":70},"9":{"name":"(anonymous_9)","decl":{"start":{"line":74,"column":6},"end":{"line":74,"column":7}},"loc":{"start":{"line":74,"column":38},"end":{"line":79,"column":null}},"line":74},"10":{"name":"(anonymous_10)","decl":{"start":{"line":86,"column":11},"end":{"line":86,"column":12}},"loc":{"start":{"line":86,"column":18},"end":{"line":86,"column":28}},"line":86},"11":{"name":"(anonymous_11)","decl":{"start":{"line":91,"column":6},"end":{"line":91,"column":7}},"loc":{"start":{"line":91,"column":13},"end":{"line":91,"column":null}},"line":91},"12":{"name":"(anonymous_12)","decl":{"start":{"line":125,"column":4},"end":{"line":125,"column":5}},"loc":{"start":{"line":125,"column":14},"end":{"line":125,"column":null}},"line":125},"13":{"name":"(anonymous_13)","decl":{"start":{"line":128,"column":21},"end":{"line":128,"column":22}},"loc":{"start":{"line":128,"column":29},"end":{"line":131,"column":4}},"line":128},"14":{"name":"(anonymous_14)","decl":{"start":{"line":130,"column":27},"end":{"line":130,"column":28}},"loc":{"start":{"line":130,"column":34},"end":{"line":130,"column":59}},"line":130}},"branchMap":{"0":{"loc":{"start":{"line":33,"column":15},"end":{"line":33,"column":null}},"type":"binary-expr","locations":[{"start":{"line":33,"column":15},"end":{"line":33,"column":38}},{"start":{"line":33,"column":38},"end":{"line":33,"column":null}}],"line":33},"1":{"loc":{"start":{"line":56,"column":6},"end":{"line":58,"column":null}},"type":"if","locations":[{"start":{"line":56,"column":6},"end":{"line":58,"column":null}},{"start":{},"end":{}}],"line":56},"2":{"loc":{"start":{"line":66,"column":23},"end":{"line":66,"column":null}},"type":"binary-expr","locations":[{"start":{"line":66,"column":23},"end":{"line":66,"column":58}},{"start":{"line":66,"column":58},"end":{"line":66,"column":null}}],"line":66},"3":{"loc":{"start":{"line":67,"column":25},"end":{"line":67,"column":null}},"type":"binary-expr","locations":[{"start":{"line":67,"column":25},"end":{"line":67,"column":62}},{"start":{"line":67,"column":62},"end":{"line":67,"column":null}}],"line":67},"4":{"loc":{"start":{"line":88,"column":23},"end":{"line":88,"column":null}},"type":"binary-expr","locations":[{"start":{"line":88,"column":23},"end":{"line":88,"column":56}},{"start":{"line":88,"column":56},"end":{"line":88,"column":null}}],"line":88},"5":{"loc":{"start":{"line":94,"column":6},"end":{"line":96,"column":null}},"type":"cond-expr","locations":[{"start":{"line":94,"column":24},"end":{"line":95,"column":null}},{"start":{"line":96,"column":10},"end":{"line":96,"column":null}}],"line":94},"6":{"loc":{"start":{"line":105,"column":4},"end":{"line":109,"column":null}},"type":"if","locations":[{"start":{"line":105,"column":4},"end":{"line":109,"column":null}},{"start":{},"end":{}}],"line":105}},"s":{"0":6,"1":6,"2":18,"3":6,"4":12,"5":36,"6":54,"7":36,"8":12,"9":12,"10":36,"11":6,"12":6,"13":18,"14":6,"15":12,"16":36,"17":54,"18":36,"19":12,"20":36,"21":54,"22":36,"23":0,"24":36,"25":36,"26":6,"27":18,"28":18,"29":18,"30":36,"31":18,"32":36,"33":18,"34":18,"35":36,"36":18,"37":18,"38":18,"39":36,"40":18,"41":18,"42":18,"43":18,"44":0,"45":18,"46":6,"47":24,"48":6,"49":18,"50":36},"f":{"0":6,"1":36,"2":54,"3":36,"4":54,"5":36,"6":54,"7":18,"8":36,"9":36,"10":36,"11":36,"12":24,"13":18,"14":36},"b":{"0":[36,0],"1":[0,36],"2":[18,0],"3":[18,0],"4":[18,0],"5":[18,0],"6":[0,18]},"meta":{"lastBranch":7,"lastFunction":15,"lastStatement":51,"seen":{"f:17:16:17:Infinity":0,"s:23:23:23:Infinity":0,"s:24:2:26:Infinity":1,"s:25:4:25:Infinity":2,"s:28:2:41:Infinity":3,"s:29:19:35:Infinity":4,"f:29:30:29:31":1,"s:30:24:30:Infinity":5,"f:30:45:30:46":2,"s:30:52:30:76":6,"s:31:6:34:Infinity":7,"b:33:15:33:38:33:38:33:Infinity":0,"s:37:10:37:Infinity":8,"s:38:4:40:Infinity":9,"s:39:6:39:Infinity":10,"s:44:25:44:Infinity":11,"s:45:2:47:Infinity":12,"s:46:4:46:Infinity":13,"s:49:2:62:Infinity":14,"s:50:22:52:Infinity":15,"f:51:11:51:12":3,"s:51:21:51:84":16,"f:51:42:51:43":4,"s:51:49:51:73":17,"f:52:14:52:15":5,"s:52:34:52:44":18,"s:54:4:61:Infinity":19,"s:55:24:55:Infinity":20,"f:55:45:55:46":6,"s:55:52:55:76":21,"b:56:6:58:Infinity:undefined:undefined:undefined:undefined":1,"s:56:6:58:Infinity":22,"s:57:8:57:Infinity":23,"s:59:12:59:Infinity":24,"s:60:6:60:Infinity":25,"s:65:37:121:Infinity":26,"f:65:48:65:49":7,"s:66:23:66:Infinity":27,"b:66:23:66:58:66:58:66:Infinity":2,"s:67:25:67:Infinity":28,"b:67:25:67:62:67:62:67:Infinity":3,"s:69:25:71:Infinity":29,"f:70:6:70:7":8,"s:70:33:70:Infinity":30,"s:73:27:80:Infinity":31,"f:74:6:74:7":9,"s:74:38:79:Infinity":32,"s:82:10:82:Infinity":33,"s:85:22:87:Infinity":34,"f:86:11:86:12":10,"s:86:18:86:28":35,"s:88:23:88:Infinity":36,"b:88:23:88:56:88:56:88:Infinity":4,"s:89:28:89:Infinity":37,"s:90:32:92:Infinity":38,"f:91:6:91:7":11,"s:91:13:91:Infinity":39,"s:94:6:96:Infinity":40,"b:94:24:95:Infinity:96:10:96:Infinity":5,"s:98:10:102:Infinity":41,"s:104:28:104:Infinity":42,"b:105:4:109:Infinity:undefined:undefined:undefined:undefined":6,"s:105:4:109:Infinity":43,"s:106:6:108:Infinity":44,"s:111:4:120:Infinity":45,"s:124:17:126:Infinity":46,"f:125:4:125:5":12,"s:125:14:125:Infinity":47,"s:128:2:131:Infinity":48,"f:128:21:128:22":13,"s:128:29:131:4":49,"f:130:27:130:28":14,"s:130:34:130:59":50}}}
,"/Users/aa00037-tanaka/conductor/workspaces/estat-city-report/little-rock/src/scoring/normalize.ts": {"path":"/Users/aa00037-tanaka/conductor/workspaces/estat-city-report/little-rock/src/scoring/normalize.ts","statementMap":{"0":{"start":{"line":18,"column":16},"end":{"line":21,"column":null}},"1":{"start":{"line":20,"column":6},"end":{"line":20,"column":null}},"2":{"start":{"line":23,"column":2},"end":{"line":25,"column":null}},"3":{"start":{"line":24,"column":4},"end":{"line":24,"column":null}},"4":{"start":{"line":27,"column":2},"end":{"line":35,"column":null}},"5":{"start":{"line":28,"column":4},"end":{"line":34,"column":null}},"6":{"start":{"line":37,"column":20},"end":{"line":37,"column":null}},"7":{"start":{"line":37,"column":37},"end":{"line":37,"column":44}},"8":{"start":{"line":38,"column":14},"end":{"line":38,"column":null}},"9":{"start":{"line":39,"column":14},"end":{"line":39,"column":null}},"10":{"start":{"line":40,"column":16},"end":{"line":40,"column":null}},"11":{"start":{"line":42,"column":2},"end":{"line":52,"column":null}},"12":{"start":{"line":43,"column":21},"end":{"line":43,"column":null}},"13":{"start":{"line":45,"column":6},"end":{"line":45,"column":null}},"14":{"start":{"line":47,"column":4},"end":{"line":51,"column":null}}},"fnMap":{"0":{"name":"normalizeWithinCandidates","decl":{"start":{"line":14,"column":16},"end":{"line":14,"column":null}},"loc":{"start":{"line":17,"column":38},"end":{"line":53,"column":null}},"line":17},"1":{"name":"(anonymous_1)","decl":{"start":{"line":19,"column":4},"end":{"line":19,"column":5}},"loc":{"start":{"line":20,"column":6},"end":{"line":20,"column":null}},"line":20},"2":{"name":"(anonymous_2)","decl":{"start":{"line":37,"column":30},"end":{"line":37,"column":31}},"loc":{"start":{"line":37,"column":37},"end":{"line":37,"column":44}},"line":37},"3":{"name":"(anonymous_3)","decl":{"start":{"line":42,"column":19},"end":{"line":42,"column":20}},"loc":{"start":{"line":42,"column":26},"end":{"line":52,"column":3}},"line":42}},"branchMap":{"0":{"loc":{"start":{"line":23,"column":2},"end":{"line":25,"column":null}},"type":"if","locations":[{"start":{"line":23,"column":2},"end":{"line":25,"column":null}},{"start":{},"end":{}}],"line":23},"1":{"loc":{"start":{"line":27,"column":2},"end":{"line":35,"column":null}},"type":"if","locations":[{"start":{"line":27,"column":2},"end":{"line":35,"column":null}},{"start":{},"end":{}}],"line":27},"2":{"loc":{"start":{"line":43,"column":21},"end":{"line":43,"column":null}},"type":"cond-expr","locations":[{"start":{"line":43,"column":35},"end":{"line":43,"column":42}},{"start":{"line":43,"column":35},"end":{"line":43,"column":null}}],"line":43},"3":{"loc":{"start":{"line":45,"column":6},"end":{"line":45,"column":null}},"type":"cond-expr","locations":[{"start":{"line":45,"column":48},"end":{"line":45,"column":65}},{"start":{"line":45,"column":65},"end":{"line":45,"column":null}}],"line":45}},"s":{"0":18,"1":50,"2":18,"3":0,"4":18,"5":1,"6":17,"7":48,"8":17,"9":17,"10":17,"11":17,"12":48,"13":48,"14":48},"f":{"0":18,"1":50,"2":48,"3":48},"b":{"0":[0,18],"1":[1,17],"2":[2,46],"3":[3,45]},"meta":{"lastBranch":4,"lastFunction":4,"lastStatement":15,"seen":{"f:14:16:14:Infinity":0,"s:18:16:21:Infinity":0,"f:19:4:19:5":1,"s:20:6:20:Infinity":1,"b:23:2:25:Infinity:undefined:undefined:undefined:undefined":0,"s:23:2:25:Infinity":2,"s:24:4:24:Infinity":3,"b:27:2:35:Infinity:undefined:undefined:undefined:undefined":1,"s:27:2:35:Infinity":4,"s:28:4:34:Infinity":5,"s:37:20:37:Infinity":6,"f:37:30:37:31":2,"s:37:37:37:44":7,"s:38:14:38:Infinity":8,"s:39:14:39:Infinity":9,"s:40:16:40:Infinity":10,"s:42:2:52:Infinity":11,"f:42:19:42:20":3,"s:43:21:43:Infinity":12,"b:43:35:43:42:43:35:43:Infinity":2,"s:45:6:45:Infinity":13,"b:45:48:45:65:45:65:45:Infinity":3,"s:47:4:51:Infinity":14}}}
,"/Users/aa00037-tanaka/conductor/workspaces/estat-city-report/little-rock/src/scoring/percentile.ts": {"path":"/Users/aa00037-tanaka/conductor/workspaces/estat-city-report/little-rock/src/scoring/percentile.ts","statementMap":{"0":{"start":{"line":13,"column":2},"end":{"line":20,"column":null}},"1":{"start":{"line":14,"column":4},"end":{"line":19,"column":null}},"2":{"start":{"line":22,"column":17},"end":{"line":22,"column":null}},"3":{"start":{"line":23,"column":21},"end":{"line":23,"column":null}},"4":{"start":{"line":23,"column":46},"end":{"line":23,"column":56}},"5":{"start":{"line":24,"column":21},"end":{"line":24,"column":null}},"6":{"start":{"line":24,"column":46},"end":{"line":24,"column":58}},"7":{"start":{"line":27,"column":8},"end":{"line":28,"column":null}},"8":{"start":{"line":31,"column":4},"end":{"line":33,"column":null}},"9":{"start":{"line":35,"column":2},"end":{"line":40,"column":null}}},"fnMap":{"0":{"name":"calculatePercentile","decl":{"start":{"line":7,"column":16},"end":{"line":7,"column":null}},"loc":{"start":{"line":12,"column":17},"end":{"line":41,"column":null}},"line":12},"1":{"name":"(anonymous_1)","decl":{"start":{"line":23,"column":39},"end":{"line":23,"column":40}},"loc":{"start":{"line":23,"column":46},"end":{"line":23,"column":56}},"line":23},"2":{"name":"(anonymous_2)","decl":{"start":{"line":24,"column":39},"end":{"line":24,"column":40}},"loc":{"start":{"line":24,"column":46},"end":{"line":24,"column":58}},"line":24}},"branchMap":{"0":{"loc":{"start":{"line":13,"column":2},"end":{"line":20,"column":null}},"type":"if","locations":[{"start":{"line":13,"column":2},"end":{"line":20,"column":null}},{"start":{},"end":{}}],"line":13},"1":{"loc":{"start":{"line":13,"column":6},"end":{"line":13,"column":64}},"type":"binary-expr","locations":[{"start":{"line":13,"column":6},"end":{"line":13,"column":39}},{"start":{"line":13,"column":39},"end":{"line":13,"column":64}}],"line":13},"2":{"loc":{"start":{"line":31,"column":4},"end":{"line":33,"column":null}},"type":"cond-expr","locations":[{"start":{"line":32,"column":8},"end":{"line":32,"column":null}},{"start":{"line":33,"column":8},"end":{"line":33,"column":null}}],"line":31}},"s":{"0":43,"1":1,"2":42,"3":42,"4":141,"5":42,"6":141,"7":42,"8":42,"9":43},"f":{"0":43,"1":141,"2":141},"b":{"0":[1,42],"1":[43,42],"2":[2,40]},"meta":{"lastBranch":3,"lastFunction":3,"lastStatement":10,"seen":{"f:7:16:7:Infinity":0,"b:13:2:20:Infinity:undefined:undefined:undefined:undefined":0,"s:13:2:20:Infinity":0,"b:13:6:13:39:13:39:13:64":1,"s:14:4:19:Infinity":1,"s:22:17:22:Infinity":2,"s:23:21:23:Infinity":3,"f:23:39:23:40":1,"s:23:46:23:56":4,"s:24:21:24:Infinity":5,"f:24:39:24:40":2,"s:24:46:24:58":6,"s:27:8:28:Infinity":7,"s:31:4:33:Infinity":8,"b:32:8:32:Infinity:33:8:33:Infinity":2,"s:35:2:40:Infinity":9}}}
,"/Users/aa00037-tanaka/conductor/workspaces/estat-city-report/little-rock/src/scoring/presets.ts": {"path":"/Users/aa00037-tanaka/conductor/workspaces/estat-city-report/little-rock/src/scoring/presets.ts","statementMap":{"0":{"start":{"line":3,"column":47},"end":{"line":13,"column":null}},"1":{"start":{"line":15,"column":43},"end":{"line":25,"column":null}},"2":{"start":{"line":27,"column":44},"end":{"line":37,"column":null}},"3":{"start":{"line":39,"column":56},"end":{"line":43,"column":null}},"4":{"start":{"line":46,"column":2},"end":{"line":46,"column":null}},"5":{"start":{"line":46,"column":33},"end":{"line":46,"column":48}},"6":{"start":{"line":50,"column":73},"end":{"line":67,"column":null}}},"fnMap":{"0":{"name":"findPreset","decl":{"start":{"line":45,"column":16},"end":{"line":45,"column":27}},"loc":{"start":{"line":45,"column":67},"end":{"line":47,"column":null}},"line":45},"1":{"name":"(anonymous_1)","decl":{"start":{"line":46,"column":26},"end":{"line":46,"column":27}},"loc":{"start":{"line":46,"column":33},"end":{"line":46,"column":48}},"line":46}},"branchMap":{},"s":{"0":1,"1":1,"2":1,"3":1,"4":4,"5":9,"6":1},"f":{"0":4,"1":9},"b":{},"meta":{"lastBranch":0,"lastFunction":2,"lastStatement":7,"seen":{"s:3:47:13:Infinity":0,"s:15:43:25:Infinity":1,"s:27:44:37:Infinity":2,"s:39:56:43:Infinity":3,"f:45:16:45:27":0,"s:46:2:46:Infinity":4,"f:46:26:46:27":1,"s:46:33:46:48":5,"s:50:73:67:Infinity":6}}}
}
